0 info it worked if it ends with ok
1 verbose cli [ '/usr/local/bin/node',
1 verbose cli   '/usr/local/bin/npm',
1 verbose cli   'install',
1 verbose cli   '-g',
1 verbose cli   'grunt-cli' ]
2 info using npm@1.4.3
3 info using node@v0.10.26
4 verbose cache add [ 'grunt-cli', null ]
5 verbose cache add name=undefined spec="grunt-cli" args=["grunt-cli",null]
6 verbose parsed url { protocol: null,
6 verbose parsed url   slashes: null,
6 verbose parsed url   auth: null,
6 verbose parsed url   host: null,
6 verbose parsed url   port: null,
6 verbose parsed url   hostname: null,
6 verbose parsed url   hash: null,
6 verbose parsed url   search: null,
6 verbose parsed url   query: null,
6 verbose parsed url   pathname: 'grunt-cli',
6 verbose parsed url   path: 'grunt-cli',
6 verbose parsed url   href: 'grunt-cli' }
7 silly lockFile 671ef8ac-grunt-cli grunt-cli
8 verbose lock grunt-cli /home/joe/.npm/671ef8ac-grunt-cli.lock
9 silly lockFile 671ef8ac-grunt-cli grunt-cli
10 silly lockFile 671ef8ac-grunt-cli grunt-cli
11 verbose addNamed [ 'grunt-cli', '' ]
12 verbose addNamed [ null, '*' ]
13 silly lockFile d63f3d0b-grunt-cli grunt-cli@
14 verbose lock grunt-cli@ /home/joe/.npm/d63f3d0b-grunt-cli.lock
15 silly addNameRange { name: 'grunt-cli', range: '*', hasData: false }
16 verbose url raw grunt-cli
17 verbose url resolving [ 'https://registry.npmjs.org/', './grunt-cli' ]
18 verbose url resolved https://registry.npmjs.org/grunt-cli
19 info trying registry request attempt 1 at 11:35:54
20 verbose etag "DTXWA8VWG17RCSTGG4LCAQ65C"
21 http GET https://registry.npmjs.org/grunt-cli
22 http 304 https://registry.npmjs.org/grunt-cli
23 silly registry.get cb [ 304,
23 silly registry.get   { date: 'Wed, 12 Mar 2014 06:05:56 GMT',
23 silly registry.get     server: 'Apache',
23 silly registry.get     via: '1.1 varnish',
23 silly registry.get     'last-modified': 'Wed, 12 Mar 2014 06:05:56 GMT',
23 silly registry.get     'cache-control': 'max-age=1',
23 silly registry.get     etag: '"DTXWA8VWG17RCSTGG4LCAQ65C"',
23 silly registry.get     'x-served-by': 'cache-sv61-SJC3',
23 silly registry.get     'x-cache': 'HIT',
23 silly registry.get     'x-cache-hits': '1',
23 silly registry.get     'x-timer': 'S1394604356.351482630,VS0,VE149',
23 silly registry.get     vary: 'Accept',
23 silly registry.get     'content-length': '0',
23 silly registry.get     'keep-alive': 'timeout=10, max=50',
23 silly registry.get     connection: 'Keep-Alive' } ]
24 verbose etag grunt-cli from cache
25 silly addNameRange number 2 { name: 'grunt-cli', range: '*', hasData: true }
26 silly addNameRange versions [ 'grunt-cli',
26 silly addNameRange   [ '0.1.0',
26 silly addNameRange     '0.1.1',
26 silly addNameRange     '0.1.2',
26 silly addNameRange     '0.1.3',
26 silly addNameRange     '0.1.4',
26 silly addNameRange     '0.1.5',
26 silly addNameRange     '0.1.6',
26 silly addNameRange     '0.1.7',
26 silly addNameRange     '0.1.8',
26 silly addNameRange     '0.1.9',
26 silly addNameRange     '0.1.10',
26 silly addNameRange     '0.1.11',
26 silly addNameRange     '0.1.12',
26 silly addNameRange     '0.1.13' ] ]
27 verbose addNamed [ 'grunt-cli', '0.1.13' ]
28 verbose addNamed [ '0.1.13', '0.1.13' ]
29 silly lockFile 28997503-grunt-cli-0-1-13 grunt-cli@0.1.13
30 verbose lock grunt-cli@0.1.13 /home/joe/.npm/28997503-grunt-cli-0-1-13.lock
31 silly lockFile 28997503-grunt-cli-0-1-13 grunt-cli@0.1.13
32 silly lockFile 28997503-grunt-cli-0-1-13 grunt-cli@0.1.13
33 silly lockFile d63f3d0b-grunt-cli grunt-cli@
34 silly lockFile d63f3d0b-grunt-cli grunt-cli@
35 silly resolved [ { name: 'grunt-cli',
35 silly resolved     description: 'The grunt command line interface.',
35 silly resolved     version: '0.1.13',
35 silly resolved     author: { name: 'Grunt Team' },
35 silly resolved     homepage: 'http://gruntjs.com/',
35 silly resolved     repository: { type: 'git', url: 'git://github.com/gruntjs/grunt-cli.git' },
35 silly resolved     bugs: { url: 'http://github.com/gruntjs/grunt-cli/issues' },
35 silly resolved     licenses: [ [Object] ],
35 silly resolved     bin: { grunt: 'bin/grunt' },
35 silly resolved     engines: { node: '>= 0.8.0' },
35 silly resolved     scripts: { test: 'node bin/grunt test' },
35 silly resolved     preferGlobal: true,
35 silly resolved     dependencies: { nopt: '~1.0.10', 'findup-sync': '~0.1.0', resolve: '~0.3.1' },
35 silly resolved     devDependencies: { grunt: '~0.4.0', 'grunt-contrib-jshint': '~0.2.0' },
35 silly resolved     contributors: [ [Object], [Object], [Object], [Object] ],
35 silly resolved     readme: '# grunt-cli [![Build Status](https://secure.travis-ci.org/gruntjs/grunt-cli.png?branch=master)](http://travis-ci.org/gruntjs/grunt-cli)\n> The Grunt command line interface.\n\nInstall this globally and you\'ll have access to the `grunt` command anywhere on your system.\n\n```shell\nnpm install -g grunt-cli\n```\n\n**Note:** The job of the `grunt` command is to load and run the version of Grunt you have installed locally to your project, irrespective of its version.  Starting with Grunt v0.4, you should never install Grunt itself globally.  For more information about why, [please read this](http://blog.nodejs.org/2011/03/23/npm-1-0-global-vs-local-installation).\n\nSee the [Getting Started](http://gruntjs.com/getting-started) guide for more information.\n\n## Shell tab auto-completion\nTo enable tab auto-completion for Grunt, add one of the following lines to your `~/.bashrc` or `~/.zshrc` file.\n\n```bash\n# Bash, ~/.bashrc\neval "$(grunt --completion=bash)"\n```\n\n```bash\n# Zsh, ~/.zshrc\neval "$(grunt --completion=zsh)"\n```\n\n## Installing grunt-cli locally\nIf you prefer the idiomatic Node.js method to get started with a project (`npm install && npm test`) then install grunt-cli locally with `npm install grunt-cli --save-dev`. Then add a script to your `package.json` to run the associated grunt command: `"scripts": { "test": "grunt test" } `. Now `npm test` will use the locally installed `./node_modules/.bin/grunt` executable to run your Grunt commands.\n\nTo read more about npm scripts, please visit the npm docs: [https://npmjs.org/doc/misc/npm-scripts.html](https://npmjs.org/doc/misc/npm-scripts.html).\n',
35 silly resolved     readmeFilename: 'README.md',
35 silly resolved     _id: 'grunt-cli@0.1.13',
35 silly resolved     _from: 'grunt-cli@' } ]
36 info install grunt-cli@0.1.13 into /usr/local/lib
37 info installOne grunt-cli@0.1.13
38 info /usr/local/lib/node_modules/grunt-cli unbuild
39 info preuninstall grunt-cli@0.1.13
40 info uninstall grunt-cli@0.1.13
41 verbose true,/usr/local/lib/node_modules,/usr/local/lib/node_modules unbuild grunt-cli@0.1.13
42 verbose /usr/local/bin,[object Object] binRoot
43 info postuninstall grunt-cli@0.1.13
44 verbose tar unpack /home/joe/.npm/grunt-cli/0.1.13/package.tgz
45 silly lockFile 466968dc-local-lib-node-modules-grunt-cli tar:///usr/local/lib/node_modules/grunt-cli
46 verbose lock tar:///usr/local/lib/node_modules/grunt-cli /home/joe/.npm/466968dc-local-lib-node-modules-grunt-cli.lock
47 silly lockFile 74c39d83-npm-grunt-cli-0-1-13-package-tgz tar:///home/joe/.npm/grunt-cli/0.1.13/package.tgz
48 verbose lock tar:///home/joe/.npm/grunt-cli/0.1.13/package.tgz /home/joe/.npm/74c39d83-npm-grunt-cli-0-1-13-package-tgz.lock
49 silly gunzTarPerm modes [ '755', '644' ]
50 silly gunzTarPerm extractEntry package.json
51 silly gunzTarPerm extractEntry .npmignore
52 silly gunzTarPerm extractEntry README.md
53 silly gunzTarPerm extractEntry Gruntfile.js
54 silly gunzTarPerm extractEntry .travis.yml
55 silly gunzTarPerm extractEntry AUTHORS
56 silly gunzTarPerm extractEntry LICENSE-MIT
57 silly gunzTarPerm extractEntry bin/grunt
58 silly gunzTarPerm extractEntry completion/bash
59 silly gunzTarPerm extractEntry completion/zsh
60 silly gunzTarPerm extractEntry lib/cli.js
61 silly gunzTarPerm extractEntry lib/completion.js
62 silly gunzTarPerm extractEntry lib/info.js
63 silly lockFile 466968dc-local-lib-node-modules-grunt-cli tar:///usr/local/lib/node_modules/grunt-cli
64 silly lockFile 466968dc-local-lib-node-modules-grunt-cli tar:///usr/local/lib/node_modules/grunt-cli
65 silly lockFile 74c39d83-npm-grunt-cli-0-1-13-package-tgz tar:///home/joe/.npm/grunt-cli/0.1.13/package.tgz
66 silly lockFile 74c39d83-npm-grunt-cli-0-1-13-package-tgz tar:///home/joe/.npm/grunt-cli/0.1.13/package.tgz
67 info preinstall grunt-cli@0.1.13
68 verbose readDependencies using package.json deps
69 verbose readDependencies using package.json deps
70 verbose cache add [ 'findup-sync@~0.1.0', null ]
71 verbose cache add name=undefined spec="findup-sync@~0.1.0" args=["findup-sync@~0.1.0",null]
72 verbose parsed url { protocol: null,
72 verbose parsed url   slashes: null,
72 verbose parsed url   auth: null,
72 verbose parsed url   host: null,
72 verbose parsed url   port: null,
72 verbose parsed url   hostname: null,
72 verbose parsed url   hash: null,
72 verbose parsed url   search: null,
72 verbose parsed url   query: null,
72 verbose parsed url   pathname: 'findup-sync@~0.1.0',
72 verbose parsed url   path: 'findup-sync@~0.1.0',
72 verbose parsed url   href: 'findup-sync@~0.1.0' }
73 verbose cache add name="findup-sync" spec="~0.1.0" args=["findup-sync","~0.1.0"]
74 verbose parsed url { protocol: null,
74 verbose parsed url   slashes: null,
74 verbose parsed url   auth: null,
74 verbose parsed url   host: null,
74 verbose parsed url   port: null,
74 verbose parsed url   hostname: null,
74 verbose parsed url   hash: null,
74 verbose parsed url   search: null,
74 verbose parsed url   query: null,
74 verbose parsed url   pathname: '~0.1.0',
74 verbose parsed url   path: '~0.1.0',
74 verbose parsed url   href: '~0.1.0' }
75 verbose addNamed [ 'findup-sync', '~0.1.0' ]
76 verbose addNamed [ null, '>=0.1.0-0 <0.2.0-0' ]
77 silly lockFile 625605b9-findup-sync-0-1-0 findup-sync@~0.1.0
78 verbose lock findup-sync@~0.1.0 /home/joe/.npm/625605b9-findup-sync-0-1-0.lock
79 verbose cache add [ 'resolve@~0.3.1', null ]
80 verbose cache add name=undefined spec="resolve@~0.3.1" args=["resolve@~0.3.1",null]
81 verbose parsed url { protocol: null,
81 verbose parsed url   slashes: null,
81 verbose parsed url   auth: null,
81 verbose parsed url   host: null,
81 verbose parsed url   port: null,
81 verbose parsed url   hostname: null,
81 verbose parsed url   hash: null,
81 verbose parsed url   search: null,
81 verbose parsed url   query: null,
81 verbose parsed url   pathname: 'resolve@~0.3.1',
81 verbose parsed url   path: 'resolve@~0.3.1',
81 verbose parsed url   href: 'resolve@~0.3.1' }
82 verbose cache add name="resolve" spec="~0.3.1" args=["resolve","~0.3.1"]
83 verbose parsed url { protocol: null,
83 verbose parsed url   slashes: null,
83 verbose parsed url   auth: null,
83 verbose parsed url   host: null,
83 verbose parsed url   port: null,
83 verbose parsed url   hostname: null,
83 verbose parsed url   hash: null,
83 verbose parsed url   search: null,
83 verbose parsed url   query: null,
83 verbose parsed url   pathname: '~0.3.1',
83 verbose parsed url   path: '~0.3.1',
83 verbose parsed url   href: '~0.3.1' }
84 verbose addNamed [ 'resolve', '~0.3.1' ]
85 verbose addNamed [ null, '>=0.3.1-0 <0.4.0-0' ]
86 silly lockFile 7958d065-resolve-0-3-1 resolve@~0.3.1
87 verbose lock resolve@~0.3.1 /home/joe/.npm/7958d065-resolve-0-3-1.lock
88 verbose cache add [ 'nopt@~1.0.10', null ]
89 verbose cache add name=undefined spec="nopt@~1.0.10" args=["nopt@~1.0.10",null]
90 verbose parsed url { protocol: null,
90 verbose parsed url   slashes: null,
90 verbose parsed url   auth: null,
90 verbose parsed url   host: null,
90 verbose parsed url   port: null,
90 verbose parsed url   hostname: null,
90 verbose parsed url   hash: null,
90 verbose parsed url   search: null,
90 verbose parsed url   query: null,
90 verbose parsed url   pathname: 'nopt@~1.0.10',
90 verbose parsed url   path: 'nopt@~1.0.10',
90 verbose parsed url   href: 'nopt@~1.0.10' }
91 verbose cache add name="nopt" spec="~1.0.10" args=["nopt","~1.0.10"]
92 verbose parsed url { protocol: null,
92 verbose parsed url   slashes: null,
92 verbose parsed url   auth: null,
92 verbose parsed url   host: null,
92 verbose parsed url   port: null,
92 verbose parsed url   hostname: null,
92 verbose parsed url   hash: null,
92 verbose parsed url   search: null,
92 verbose parsed url   query: null,
92 verbose parsed url   pathname: '~1.0.10',
92 verbose parsed url   path: '~1.0.10',
92 verbose parsed url   href: '~1.0.10' }
93 verbose addNamed [ 'nopt', '~1.0.10' ]
94 verbose addNamed [ null, '>=1.0.10-0 <1.1.0-0' ]
95 silly lockFile 79f78dba-nopt-1-0-10 nopt@~1.0.10
96 verbose lock nopt@~1.0.10 /home/joe/.npm/79f78dba-nopt-1-0-10.lock
97 silly addNameRange { name: 'findup-sync',
97 silly addNameRange   range: '>=0.1.0-0 <0.2.0-0',
97 silly addNameRange   hasData: false }
98 silly addNameRange { name: 'resolve', range: '>=0.3.1-0 <0.4.0-0', hasData: false }
99 silly addNameRange { name: 'nopt', range: '>=1.0.10-0 <1.1.0-0', hasData: false }
100 verbose url raw findup-sync
101 verbose url resolving [ 'https://registry.npmjs.org/', './findup-sync' ]
102 verbose url resolved https://registry.npmjs.org/findup-sync
103 info trying registry request attempt 1 at 11:35:56
104 http GET https://registry.npmjs.org/findup-sync
105 verbose url raw resolve
106 verbose url resolving [ 'https://registry.npmjs.org/', './resolve' ]
107 verbose url resolved https://registry.npmjs.org/resolve
108 info trying registry request attempt 1 at 11:35:56
109 http GET https://registry.npmjs.org/resolve
110 verbose url raw nopt
111 verbose url resolving [ 'https://registry.npmjs.org/', './nopt' ]
112 verbose url resolved https://registry.npmjs.org/nopt
113 info trying registry request attempt 1 at 11:35:56
114 http GET https://registry.npmjs.org/nopt
115 http 200 https://registry.npmjs.org/findup-sync
116 silly registry.get cb [ 200,
116 silly registry.get   { date: 'Wed, 12 Mar 2014 06:05:59 GMT',
116 silly registry.get     server: 'CouchDB/1.5.0 (Erlang OTP/R16B)',
116 silly registry.get     etag: '"VJKRXYRTALWK2XBVRVG27LB9"',
116 silly registry.get     'content-type': 'application/json',
116 silly registry.get     via: '1.1 varnish',
116 silly registry.get     'cache-control': 'max-age=1',
116 silly registry.get     'content-length': '8839',
116 silly registry.get     'accept-ranges': 'bytes',
116 silly registry.get     age: '56',
116 silly registry.get     'x-served-by': 'cache-v43-ASH, cache-sv95-SJC3',
116 silly registry.get     'x-cache': 'HIT, HIT',
116 silly registry.get     'x-cache-hits': '23432, 1',
116 silly registry.get     'x-timer': 'S1393977174.990104914,VS0,VS27,VE27,VE627184873',
116 silly registry.get     vary: 'Accept',
116 silly registry.get     'keep-alive': 'timeout=10, max=50',
116 silly registry.get     connection: 'Keep-Alive' } ]
117 silly addNameRange number 2 { name: 'findup-sync',
117 silly addNameRange   range: '>=0.1.0-0 <0.2.0-0',
117 silly addNameRange   hasData: true }
118 silly addNameRange versions [ 'findup-sync', [ '0.1.0', '0.1.1', '0.1.2' ] ]
119 verbose addNamed [ 'findup-sync', '0.1.2' ]
120 verbose addNamed [ '0.1.2', '0.1.2' ]
121 silly lockFile d7184b2b-findup-sync-0-1-2 findup-sync@0.1.2
122 verbose lock findup-sync@0.1.2 /home/joe/.npm/d7184b2b-findup-sync-0-1-2.lock
123 silly lockFile a47d7b7f-indup-sync-findup-sync-0-1-2-tgz https://registry.npmjs.org/findup-sync/-/findup-sync-0.1.2.tgz
124 verbose lock https://registry.npmjs.org/findup-sync/-/findup-sync-0.1.2.tgz /home/joe/.npm/a47d7b7f-indup-sync-findup-sync-0-1-2-tgz.lock
125 verbose addRemoteTarball [ 'https://registry.npmjs.org/findup-sync/-/findup-sync-0.1.2.tgz',
125 verbose addRemoteTarball   'da2b96ca9f800e5a13d0a11110f490b65f62e96d' ]
126 info retry fetch attempt 1 at 11:36:02
127 verbose fetch to= /home/joe/tmp/npm-3785-f-+utoxL/1394604362743-0.7358488191384822/tmp.tgz
128 http GET https://registry.npmjs.org/findup-sync/-/findup-sync-0.1.2.tgz
129 http 200 https://registry.npmjs.org/nopt
130 silly registry.get cb [ 200,
130 silly registry.get   { date: 'Wed, 12 Mar 2014 06:05:59 GMT',
130 silly registry.get     server: 'CouchDB/1.5.0 (Erlang OTP/R16B)',
130 silly registry.get     etag: '"CCR94OD8D3JUDXDPUPDMAX5N8"',
130 silly registry.get     'content-type': 'application/json',
130 silly registry.get     via: '1.1 varnish',
130 silly registry.get     'cache-control': 'max-age=1',
130 silly registry.get     'content-length': '22851',
130 silly registry.get     'accept-ranges': 'bytes',
130 silly registry.get     age: '7',
130 silly registry.get     'x-served-by': 'cache-v41-ASH, cache-sv61-SJC3',
130 silly registry.get     'x-cache': 'MISS, HIT',
130 silly registry.get     'x-cache-hits': '0, 1',
130 silly registry.get     'x-timer': 'S1393641996.999596357,VS0,VS-130,VE-103,VE962362742',
130 silly registry.get     vary: 'Accept',
130 silly registry.get     'keep-alive': 'timeout=10, max=50',
130 silly registry.get     connection: 'Keep-Alive' } ]
131 silly addNameRange number 2 { name: 'nopt', range: '>=1.0.10-0 <1.1.0-0', hasData: true }
132 silly addNameRange versions [ 'nopt',
132 silly addNameRange   [ '1.0.0',
132 silly addNameRange     '1.0.1',
132 silly addNameRange     '1.0.2',
132 silly addNameRange     '1.0.3',
132 silly addNameRange     '1.0.4',
132 silly addNameRange     '1.0.5',
132 silly addNameRange     '1.0.6',
132 silly addNameRange     '1.0.7',
132 silly addNameRange     '1.0.8',
132 silly addNameRange     '1.0.9',
132 silly addNameRange     '1.0.10',
132 silly addNameRange     '2.0.0',
132 silly addNameRange     '2.1.0',
132 silly addNameRange     '2.1.1',
132 silly addNameRange     '2.1.2',
132 silly addNameRange     '2.2.0' ] ]
133 verbose addNamed [ 'nopt', '1.0.10' ]
134 verbose addNamed [ '1.0.10', '1.0.10' ]
135 silly lockFile 1be903a1-nopt-1-0-10 nopt@1.0.10
136 verbose lock nopt@1.0.10 /home/joe/.npm/1be903a1-nopt-1-0-10.lock
137 silly lockFile 4ce84396-y-npmjs-org-nopt-nopt-1-0-10-tgz https://registry.npmjs.org/nopt/-/nopt-1.0.10.tgz
138 verbose lock https://registry.npmjs.org/nopt/-/nopt-1.0.10.tgz /home/joe/.npm/4ce84396-y-npmjs-org-nopt-nopt-1-0-10-tgz.lock
139 verbose addRemoteTarball [ 'https://registry.npmjs.org/nopt/-/nopt-1.0.10.tgz',
139 verbose addRemoteTarball   '6ddd21bd2a31417b92727dd585f8a6f37608ebee' ]
140 info retry fetch attempt 1 at 11:36:04
141 verbose fetch to= /home/joe/tmp/npm-3785-f-+utoxL/1394604364265-0.6545466603711247/tmp.tgz
142 http GET https://registry.npmjs.org/nopt/-/nopt-1.0.10.tgz
143 http 200 https://registry.npmjs.org/findup-sync/-/findup-sync-0.1.2.tgz
144 verbose tar unpack /home/joe/tmp/npm-3785-f-+utoxL/1394604362743-0.7358488191384822/tmp.tgz
145 silly lockFile 022b089d-62743-0-7358488191384822-package tar:///home/joe/tmp/npm-3785-f-+utoxL/1394604362743-0.7358488191384822/package
146 verbose lock tar:///home/joe/tmp/npm-3785-f-+utoxL/1394604362743-0.7358488191384822/package /home/joe/.npm/022b089d-62743-0-7358488191384822-package.lock
147 silly lockFile 0e6dcd2e-62743-0-7358488191384822-tmp-tgz tar:///home/joe/tmp/npm-3785-f-+utoxL/1394604362743-0.7358488191384822/tmp.tgz
148 verbose lock tar:///home/joe/tmp/npm-3785-f-+utoxL/1394604362743-0.7358488191384822/tmp.tgz /home/joe/.npm/0e6dcd2e-62743-0-7358488191384822-tmp-tgz.lock
149 silly gunzTarPerm modes [ '755', '644' ]
150 silly gunzTarPerm extractEntry package.json
151 silly gunzTarPerm extractEntry .npmignore
152 silly gunzTarPerm extractEntry README.md
153 silly gunzTarPerm extractEntry Gruntfile.js
154 silly gunzTarPerm extractEntry .jshintrc
155 silly gunzTarPerm extractEntry lib/findup-sync.js
156 silly gunzTarPerm extractEntry LICENSE-MIT
157 silly gunzTarPerm extractEntry test/findup-sync_test.js
158 silly gunzTarPerm extractEntry test/fixtures/a/b/bar.txt
159 silly gunzTarPerm extractEntry test/fixtures/a/foo.txt
160 silly gunzTarPerm extractEntry test/fixtures/a.txt
161 silly gunzTarPerm extractEntry test/fixtures/aaa.txt
162 silly lockFile 022b089d-62743-0-7358488191384822-package tar:///home/joe/tmp/npm-3785-f-+utoxL/1394604362743-0.7358488191384822/package
163 silly lockFile 022b089d-62743-0-7358488191384822-package tar:///home/joe/tmp/npm-3785-f-+utoxL/1394604362743-0.7358488191384822/package
164 silly lockFile 0e6dcd2e-62743-0-7358488191384822-tmp-tgz tar:///home/joe/tmp/npm-3785-f-+utoxL/1394604362743-0.7358488191384822/tmp.tgz
165 silly lockFile 0e6dcd2e-62743-0-7358488191384822-tmp-tgz tar:///home/joe/tmp/npm-3785-f-+utoxL/1394604362743-0.7358488191384822/tmp.tgz
166 verbose tar pack [ '/home/joe/.npm/findup-sync/0.1.2/package.tgz',
166 verbose tar pack   '/home/joe/tmp/npm-3785-f-+utoxL/1394604362743-0.7358488191384822/package' ]
167 verbose tarball /home/joe/.npm/findup-sync/0.1.2/package.tgz
168 verbose folder /home/joe/tmp/npm-3785-f-+utoxL/1394604362743-0.7358488191384822/package
169 silly lockFile 022b089d-62743-0-7358488191384822-package tar:///home/joe/tmp/npm-3785-f-+utoxL/1394604362743-0.7358488191384822/package
170 verbose lock tar:///home/joe/tmp/npm-3785-f-+utoxL/1394604362743-0.7358488191384822/package /home/joe/.npm/022b089d-62743-0-7358488191384822-package.lock
171 silly lockFile 3de7bebc-pm-findup-sync-0-1-2-package-tgz tar:///home/joe/.npm/findup-sync/0.1.2/package.tgz
172 verbose lock tar:///home/joe/.npm/findup-sync/0.1.2/package.tgz /home/joe/.npm/3de7bebc-pm-findup-sync-0-1-2-package-tgz.lock
173 silly lockFile 022b089d-62743-0-7358488191384822-package tar:///home/joe/tmp/npm-3785-f-+utoxL/1394604362743-0.7358488191384822/package
174 silly lockFile 022b089d-62743-0-7358488191384822-package tar:///home/joe/tmp/npm-3785-f-+utoxL/1394604362743-0.7358488191384822/package
175 silly lockFile 3de7bebc-pm-findup-sync-0-1-2-package-tgz tar:///home/joe/.npm/findup-sync/0.1.2/package.tgz
176 silly lockFile 3de7bebc-pm-findup-sync-0-1-2-package-tgz tar:///home/joe/.npm/findup-sync/0.1.2/package.tgz
177 silly lockFile abbabff8-oe-npm-findup-sync-0-1-2-package /home/joe/.npm/findup-sync/0.1.2/package
178 verbose lock /home/joe/.npm/findup-sync/0.1.2/package /home/joe/.npm/abbabff8-oe-npm-findup-sync-0-1-2-package.lock
179 silly lockFile abbabff8-oe-npm-findup-sync-0-1-2-package /home/joe/.npm/findup-sync/0.1.2/package
180 silly lockFile abbabff8-oe-npm-findup-sync-0-1-2-package /home/joe/.npm/findup-sync/0.1.2/package
181 verbose tar unpack /home/joe/.npm/findup-sync/0.1.2/package.tgz
182 silly lockFile e81623f1-oe-npm-findup-sync-0-1-2-package tar:///home/joe/.npm/findup-sync/0.1.2/package
183 verbose lock tar:///home/joe/.npm/findup-sync/0.1.2/package /home/joe/.npm/e81623f1-oe-npm-findup-sync-0-1-2-package.lock
184 silly lockFile 3de7bebc-pm-findup-sync-0-1-2-package-tgz tar:///home/joe/.npm/findup-sync/0.1.2/package.tgz
185 verbose lock tar:///home/joe/.npm/findup-sync/0.1.2/package.tgz /home/joe/.npm/3de7bebc-pm-findup-sync-0-1-2-package-tgz.lock
186 silly gunzTarPerm modes [ '755', '644' ]
187 silly gunzTarPerm extractEntry package.json
188 silly gunzTarPerm extractEntry .npmignore
189 silly gunzTarPerm extractEntry README.md
190 silly gunzTarPerm extractEntry Gruntfile.js
191 silly gunzTarPerm extractEntry .jshintrc
192 silly gunzTarPerm extractEntry LICENSE-MIT
193 silly gunzTarPerm extractEntry lib/findup-sync.js
194 silly gunzTarPerm extractEntry test/findup-sync_test.js
195 silly gunzTarPerm extractEntry test/fixtures/a/b/bar.txt
196 silly gunzTarPerm extractEntry test/fixtures/a/foo.txt
197 silly gunzTarPerm extractEntry test/fixtures/a.txt
198 silly gunzTarPerm extractEntry test/fixtures/aaa.txt
199 silly lockFile e81623f1-oe-npm-findup-sync-0-1-2-package tar:///home/joe/.npm/findup-sync/0.1.2/package
200 silly lockFile e81623f1-oe-npm-findup-sync-0-1-2-package tar:///home/joe/.npm/findup-sync/0.1.2/package
201 silly lockFile 3de7bebc-pm-findup-sync-0-1-2-package-tgz tar:///home/joe/.npm/findup-sync/0.1.2/package.tgz
202 silly lockFile 3de7bebc-pm-findup-sync-0-1-2-package-tgz tar:///home/joe/.npm/findup-sync/0.1.2/package.tgz
203 verbose chmod /home/joe/.npm/findup-sync/0.1.2/package.tgz 644
204 verbose chown /home/joe/.npm/findup-sync/0.1.2/package.tgz [ 1002, 1002 ]
205 silly lockFile a47d7b7f-indup-sync-findup-sync-0-1-2-tgz https://registry.npmjs.org/findup-sync/-/findup-sync-0.1.2.tgz
206 silly lockFile a47d7b7f-indup-sync-findup-sync-0-1-2-tgz https://registry.npmjs.org/findup-sync/-/findup-sync-0.1.2.tgz
207 silly lockFile d7184b2b-findup-sync-0-1-2 findup-sync@0.1.2
208 silly lockFile d7184b2b-findup-sync-0-1-2 findup-sync@0.1.2
209 silly lockFile 625605b9-findup-sync-0-1-0 findup-sync@~0.1.0
210 silly lockFile 625605b9-findup-sync-0-1-0 findup-sync@~0.1.0
211 http 200 https://registry.npmjs.org/nopt/-/nopt-1.0.10.tgz
212 verbose tar unpack /home/joe/tmp/npm-3785-f-+utoxL/1394604364265-0.6545466603711247/tmp.tgz
213 silly lockFile 9d45624c-64265-0-6545466603711247-package tar:///home/joe/tmp/npm-3785-f-+utoxL/1394604364265-0.6545466603711247/package
214 verbose lock tar:///home/joe/tmp/npm-3785-f-+utoxL/1394604364265-0.6545466603711247/package /home/joe/.npm/9d45624c-64265-0-6545466603711247-package.lock
215 silly lockFile 860bb06a-64265-0-6545466603711247-tmp-tgz tar:///home/joe/tmp/npm-3785-f-+utoxL/1394604364265-0.6545466603711247/tmp.tgz
216 verbose lock tar:///home/joe/tmp/npm-3785-f-+utoxL/1394604364265-0.6545466603711247/tmp.tgz /home/joe/.npm/860bb06a-64265-0-6545466603711247-tmp-tgz.lock
217 silly gunzTarPerm modes [ '755', '644' ]
218 silly gunzTarPerm extractEntry .gitignore
219 silly gunzTarPerm extractEntry LICENSE
220 silly gunzTarPerm extractEntry package.json
221 silly gunzTarPerm extractEntry README.md
222 silly gunzTarPerm extractEntry bin/nopt.js
223 silly gunzTarPerm extractEntry examples/my-program.js
224 silly gunzTarPerm extractEntry lib/nopt.js
225 silly lockFile 9d45624c-64265-0-6545466603711247-package tar:///home/joe/tmp/npm-3785-f-+utoxL/1394604364265-0.6545466603711247/package
226 silly lockFile 9d45624c-64265-0-6545466603711247-package tar:///home/joe/tmp/npm-3785-f-+utoxL/1394604364265-0.6545466603711247/package
227 silly lockFile 860bb06a-64265-0-6545466603711247-tmp-tgz tar:///home/joe/tmp/npm-3785-f-+utoxL/1394604364265-0.6545466603711247/tmp.tgz
228 silly lockFile 860bb06a-64265-0-6545466603711247-tmp-tgz tar:///home/joe/tmp/npm-3785-f-+utoxL/1394604364265-0.6545466603711247/tmp.tgz
229 verbose tar pack [ '/home/joe/.npm/nopt/1.0.10/package.tgz',
229 verbose tar pack   '/home/joe/tmp/npm-3785-f-+utoxL/1394604364265-0.6545466603711247/package' ]
230 verbose tarball /home/joe/.npm/nopt/1.0.10/package.tgz
231 verbose folder /home/joe/tmp/npm-3785-f-+utoxL/1394604364265-0.6545466603711247/package
232 silly lockFile 9d45624c-64265-0-6545466603711247-package tar:///home/joe/tmp/npm-3785-f-+utoxL/1394604364265-0.6545466603711247/package
233 verbose lock tar:///home/joe/tmp/npm-3785-f-+utoxL/1394604364265-0.6545466603711247/package /home/joe/.npm/9d45624c-64265-0-6545466603711247-package.lock
234 silly lockFile b4ddab27--joe-npm-nopt-1-0-10-package-tgz tar:///home/joe/.npm/nopt/1.0.10/package.tgz
235 verbose lock tar:///home/joe/.npm/nopt/1.0.10/package.tgz /home/joe/.npm/b4ddab27--joe-npm-nopt-1-0-10-package-tgz.lock
236 silly lockFile 9d45624c-64265-0-6545466603711247-package tar:///home/joe/tmp/npm-3785-f-+utoxL/1394604364265-0.6545466603711247/package
237 silly lockFile 9d45624c-64265-0-6545466603711247-package tar:///home/joe/tmp/npm-3785-f-+utoxL/1394604364265-0.6545466603711247/package
238 silly lockFile b4ddab27--joe-npm-nopt-1-0-10-package-tgz tar:///home/joe/.npm/nopt/1.0.10/package.tgz
239 silly lockFile b4ddab27--joe-npm-nopt-1-0-10-package-tgz tar:///home/joe/.npm/nopt/1.0.10/package.tgz
240 silly lockFile 87789b27-home-joe-npm-nopt-1-0-10-package /home/joe/.npm/nopt/1.0.10/package
241 verbose lock /home/joe/.npm/nopt/1.0.10/package /home/joe/.npm/87789b27-home-joe-npm-nopt-1-0-10-package.lock
242 silly lockFile 87789b27-home-joe-npm-nopt-1-0-10-package /home/joe/.npm/nopt/1.0.10/package
243 silly lockFile 87789b27-home-joe-npm-nopt-1-0-10-package /home/joe/.npm/nopt/1.0.10/package
244 verbose tar unpack /home/joe/.npm/nopt/1.0.10/package.tgz
245 silly lockFile 8517abba-home-joe-npm-nopt-1-0-10-package tar:///home/joe/.npm/nopt/1.0.10/package
246 verbose lock tar:///home/joe/.npm/nopt/1.0.10/package /home/joe/.npm/8517abba-home-joe-npm-nopt-1-0-10-package.lock
247 silly lockFile b4ddab27--joe-npm-nopt-1-0-10-package-tgz tar:///home/joe/.npm/nopt/1.0.10/package.tgz
248 verbose lock tar:///home/joe/.npm/nopt/1.0.10/package.tgz /home/joe/.npm/b4ddab27--joe-npm-nopt-1-0-10-package-tgz.lock
249 silly gunzTarPerm modes [ '755', '644' ]
250 silly gunzTarPerm extractEntry package.json
251 silly gunzTarPerm extractEntry .npmignore
252 silly gunzTarPerm extractEntry README.md
253 silly gunzTarPerm extractEntry LICENSE
254 silly gunzTarPerm extractEntry bin/nopt.js
255 silly gunzTarPerm extractEntry examples/my-program.js
256 silly gunzTarPerm extractEntry lib/nopt.js
257 silly lockFile 8517abba-home-joe-npm-nopt-1-0-10-package tar:///home/joe/.npm/nopt/1.0.10/package
258 silly lockFile 8517abba-home-joe-npm-nopt-1-0-10-package tar:///home/joe/.npm/nopt/1.0.10/package
259 silly lockFile b4ddab27--joe-npm-nopt-1-0-10-package-tgz tar:///home/joe/.npm/nopt/1.0.10/package.tgz
260 silly lockFile b4ddab27--joe-npm-nopt-1-0-10-package-tgz tar:///home/joe/.npm/nopt/1.0.10/package.tgz
261 verbose chmod /home/joe/.npm/nopt/1.0.10/package.tgz 644
262 verbose chown /home/joe/.npm/nopt/1.0.10/package.tgz [ 1002, 1002 ]
263 silly lockFile 4ce84396-y-npmjs-org-nopt-nopt-1-0-10-tgz https://registry.npmjs.org/nopt/-/nopt-1.0.10.tgz
264 silly lockFile 4ce84396-y-npmjs-org-nopt-nopt-1-0-10-tgz https://registry.npmjs.org/nopt/-/nopt-1.0.10.tgz
265 silly lockFile 1be903a1-nopt-1-0-10 nopt@1.0.10
266 silly lockFile 1be903a1-nopt-1-0-10 nopt@1.0.10
267 silly lockFile 79f78dba-nopt-1-0-10 nopt@~1.0.10
268 silly lockFile 79f78dba-nopt-1-0-10 nopt@~1.0.10
269 http 200 https://registry.npmjs.org/resolve
270 silly registry.get cb [ 200,
270 silly registry.get   { date: 'Wed, 12 Mar 2014 06:05:59 GMT',
270 silly registry.get     server: 'CouchDB/1.5.0 (Erlang OTP/R16B)',
270 silly registry.get     etag: '"CR360AYPPNKQZ7Z1PO5WCXHT5"',
270 silly registry.get     'content-type': 'application/json',
270 silly registry.get     via: '1.1 varnish',
270 silly registry.get     'cache-control': 'max-age=1',
270 silly registry.get     'content-length': '70906',
270 silly registry.get     'accept-ranges': 'bytes',
270 silly registry.get     age: '256',
270 silly registry.get     'x-served-by': 'cache-v44-ASH, cache-sv63-SJC3',
270 silly registry.get     'x-cache': 'HIT, HIT',
270 silly registry.get     'x-cache-hits': '2, 1',
270 silly registry.get     'x-timer': 'S1393971719.234550476,VS0,VS-550,VE-550,VE632640530',
270 silly registry.get     vary: 'Accept',
270 silly registry.get     'keep-alive': 'timeout=10, max=50',
270 silly registry.get     connection: 'Keep-Alive' } ]
271 silly addNameRange number 2 { name: 'resolve', range: '>=0.3.1-0 <0.4.0-0', hasData: true }
272 silly addNameRange versions [ 'resolve',
272 silly addNameRange   [ '0.0.0',
272 silly addNameRange     '0.0.1',
272 silly addNameRange     '0.0.2',
272 silly addNameRange     '0.0.3',
272 silly addNameRange     '0.0.4',
272 silly addNameRange     '0.1.0',
272 silly addNameRange     '0.1.2',
272 silly addNameRange     '0.1.3',
272 silly addNameRange     '0.2.0',
272 silly addNameRange     '0.2.1',
272 silly addNameRange     '0.2.2',
272 silly addNameRange     '0.2.3',
272 silly addNameRange     '0.2.4',
272 silly addNameRange     '0.2.5',
272 silly addNameRange     '0.2.6',
272 silly addNameRange     '0.2.7',
272 silly addNameRange     '0.2.8',
272 silly addNameRange     '0.3.0',
272 silly addNameRange     '0.3.1',
272 silly addNameRange     '0.4.0',
272 silly addNameRange     '0.4.1',
272 silly addNameRange     '0.4.2',
272 silly addNameRange     '0.4.3',
272 silly addNameRange     '0.5.0',
272 silly addNameRange     '0.5.1',
272 silly addNameRange     '0.6.0',
272 silly addNameRange     '0.6.1' ] ]
273 verbose addNamed [ 'resolve', '0.3.1' ]
274 verbose addNamed [ '0.3.1', '0.3.1' ]
275 silly lockFile 95464470-resolve-0-3-1 resolve@0.3.1
276 verbose lock resolve@0.3.1 /home/joe/.npm/95464470-resolve-0-3-1.lock
277 silly lockFile e92308c0-js-org-resolve-resolve-0-3-1-tgz https://registry.npmjs.org/resolve/-/resolve-0.3.1.tgz
278 verbose lock https://registry.npmjs.org/resolve/-/resolve-0.3.1.tgz /home/joe/.npm/e92308c0-js-org-resolve-resolve-0-3-1-tgz.lock
279 verbose addRemoteTarball [ 'https://registry.npmjs.org/resolve/-/resolve-0.3.1.tgz',
279 verbose addRemoteTarball   '34c63447c664c70598d1c9b126fc43b2a24310a4' ]
280 info retry fetch attempt 1 at 11:36:27
281 verbose fetch to= /home/joe/tmp/npm-3785-f-+utoxL/1394604387896-0.58540577464737/tmp.tgz
282 http GET https://registry.npmjs.org/resolve/-/resolve-0.3.1.tgz
283 http 200 https://registry.npmjs.org/resolve/-/resolve-0.3.1.tgz
284 verbose tar unpack /home/joe/tmp/npm-3785-f-+utoxL/1394604387896-0.58540577464737/tmp.tgz
285 silly lockFile ac03c82a-4387896-0-58540577464737-package tar:///home/joe/tmp/npm-3785-f-+utoxL/1394604387896-0.58540577464737/package
286 verbose lock tar:///home/joe/tmp/npm-3785-f-+utoxL/1394604387896-0.58540577464737/package /home/joe/.npm/ac03c82a-4387896-0-58540577464737-package.lock
287 silly lockFile 9d2eb0ed-4387896-0-58540577464737-tmp-tgz tar:///home/joe/tmp/npm-3785-f-+utoxL/1394604387896-0.58540577464737/tmp.tgz
288 verbose lock tar:///home/joe/tmp/npm-3785-f-+utoxL/1394604387896-0.58540577464737/tmp.tgz /home/joe/.npm/9d2eb0ed-4387896-0-58540577464737-tmp-tgz.lock
289 silly gunzTarPerm modes [ '755', '644' ]
290 silly gunzTarPerm extractEntry package.json
291 silly gunzTarPerm extractEntry LICENSE
292 silly gunzTarPerm extractEntry index.js
293 silly gunzTarPerm extractEntry example/async.js
294 silly gunzTarPerm extractEntry example/sync.js
295 silly gunzTarPerm extractEntry readme.markdown
296 silly gunzTarPerm extractEntry test/resolver.js
297 silly gunzTarPerm extractEntry test/core.js
298 silly gunzTarPerm extractEntry test/filter_sync.js
299 silly gunzTarPerm extractEntry test/resolver_sync.js
300 silly gunzTarPerm extractEntry test/filter.js
301 silly gunzTarPerm extractEntry test/mock.js
302 silly gunzTarPerm extractEntry test/mock_sync.js
303 silly gunzTarPerm extractEntry test/resolver/mug.js
304 silly gunzTarPerm extractEntry test/resolver/foo.js
305 silly gunzTarPerm extractEntry test/resolver/mug.coffee
306 silly gunzTarPerm extractEntry test/resolver/cup.coffee
307 silly gunzTarPerm extractEntry test/resolver/other_path/root.js
308 silly gunzTarPerm extractEntry test/resolver/other_path/lib/other-lib.js
309 silly gunzTarPerm extractEntry test/resolver/bar/node_modules/foo/index.js
310 silly gunzTarPerm extractEntry test/resolver/baz/package.json
311 silly gunzTarPerm extractEntry test/resolver/baz/quux.js
312 silly gunzTarPerm extractEntry test/resolver/baz/doom.js
313 silly gunzTarPerm extractEntry test/resolver/biz/node_modules/tiv/index.js
314 silly gunzTarPerm extractEntry test/resolver/biz/node_modules/grux/index.js
315 silly gunzTarPerm extractEntry .travis.yml
316 silly gunzTarPerm extractEntry lib/core.js
317 silly gunzTarPerm extractEntry lib/async.js
318 silly gunzTarPerm extractEntry lib/sync.js
319 silly gunzTarPerm extractEntry lib/core.json
320 silly lockFile ac03c82a-4387896-0-58540577464737-package tar:///home/joe/tmp/npm-3785-f-+utoxL/1394604387896-0.58540577464737/package
321 silly lockFile ac03c82a-4387896-0-58540577464737-package tar:///home/joe/tmp/npm-3785-f-+utoxL/1394604387896-0.58540577464737/package
322 silly lockFile 9d2eb0ed-4387896-0-58540577464737-tmp-tgz tar:///home/joe/tmp/npm-3785-f-+utoxL/1394604387896-0.58540577464737/tmp.tgz
323 silly lockFile 9d2eb0ed-4387896-0-58540577464737-tmp-tgz tar:///home/joe/tmp/npm-3785-f-+utoxL/1394604387896-0.58540577464737/tmp.tgz
324 verbose tar pack [ '/home/joe/.npm/resolve/0.3.1/package.tgz',
324 verbose tar pack   '/home/joe/tmp/npm-3785-f-+utoxL/1394604387896-0.58540577464737/package' ]
325 verbose tarball /home/joe/.npm/resolve/0.3.1/package.tgz
326 verbose folder /home/joe/tmp/npm-3785-f-+utoxL/1394604387896-0.58540577464737/package
327 silly lockFile ac03c82a-4387896-0-58540577464737-package tar:///home/joe/tmp/npm-3785-f-+utoxL/1394604387896-0.58540577464737/package
328 verbose lock tar:///home/joe/tmp/npm-3785-f-+utoxL/1394604387896-0.58540577464737/package /home/joe/.npm/ac03c82a-4387896-0-58540577464737-package.lock
329 silly lockFile eca82a79-oe-npm-resolve-0-3-1-package-tgz tar:///home/joe/.npm/resolve/0.3.1/package.tgz
330 verbose lock tar:///home/joe/.npm/resolve/0.3.1/package.tgz /home/joe/.npm/eca82a79-oe-npm-resolve-0-3-1-package-tgz.lock
331 silly lockFile ac03c82a-4387896-0-58540577464737-package tar:///home/joe/tmp/npm-3785-f-+utoxL/1394604387896-0.58540577464737/package
332 silly lockFile ac03c82a-4387896-0-58540577464737-package tar:///home/joe/tmp/npm-3785-f-+utoxL/1394604387896-0.58540577464737/package
333 silly lockFile eca82a79-oe-npm-resolve-0-3-1-package-tgz tar:///home/joe/.npm/resolve/0.3.1/package.tgz
334 silly lockFile eca82a79-oe-npm-resolve-0-3-1-package-tgz tar:///home/joe/.npm/resolve/0.3.1/package.tgz
335 silly lockFile 3f3fb1bf-me-joe-npm-resolve-0-3-1-package /home/joe/.npm/resolve/0.3.1/package
336 verbose lock /home/joe/.npm/resolve/0.3.1/package /home/joe/.npm/3f3fb1bf-me-joe-npm-resolve-0-3-1-package.lock
337 silly lockFile 3f3fb1bf-me-joe-npm-resolve-0-3-1-package /home/joe/.npm/resolve/0.3.1/package
338 silly lockFile 3f3fb1bf-me-joe-npm-resolve-0-3-1-package /home/joe/.npm/resolve/0.3.1/package
339 verbose tar unpack /home/joe/.npm/resolve/0.3.1/package.tgz
340 silly lockFile d82f2816-me-joe-npm-resolve-0-3-1-package tar:///home/joe/.npm/resolve/0.3.1/package
341 verbose lock tar:///home/joe/.npm/resolve/0.3.1/package /home/joe/.npm/d82f2816-me-joe-npm-resolve-0-3-1-package.lock
342 silly lockFile eca82a79-oe-npm-resolve-0-3-1-package-tgz tar:///home/joe/.npm/resolve/0.3.1/package.tgz
343 verbose lock tar:///home/joe/.npm/resolve/0.3.1/package.tgz /home/joe/.npm/eca82a79-oe-npm-resolve-0-3-1-package-tgz.lock
344 silly gunzTarPerm modes [ '755', '644' ]
345 silly gunzTarPerm extractEntry package.json
346 silly gunzTarPerm extractEntry LICENSE
347 silly gunzTarPerm extractEntry index.js
348 silly gunzTarPerm extractEntry .travis.yml
349 silly gunzTarPerm extractEntry example/async.js
350 silly gunzTarPerm extractEntry example/sync.js
351 silly gunzTarPerm extractEntry lib/async.js
352 silly gunzTarPerm extractEntry lib/core.js
353 silly gunzTarPerm extractEntry lib/sync.js
354 silly gunzTarPerm extractEntry lib/core.json
355 silly gunzTarPerm extractEntry readme.markdown
356 silly gunzTarPerm extractEntry test/core.js
357 silly gunzTarPerm extractEntry test/filter.js
358 silly gunzTarPerm extractEntry test/filter_sync.js
359 silly gunzTarPerm extractEntry test/mock.js
360 silly gunzTarPerm extractEntry test/mock_sync.js
361 silly gunzTarPerm extractEntry test/resolver.js
362 silly gunzTarPerm extractEntry test/resolver_sync.js
363 silly gunzTarPerm extractEntry test/resolver/foo.js
364 silly gunzTarPerm extractEntry test/resolver/mug.js
365 silly gunzTarPerm extractEntry test/resolver/bar/node_modules/foo/index.js
366 silly gunzTarPerm extractEntry test/resolver/baz/package.json
367 silly gunzTarPerm extractEntry test/resolver/baz/doom.js
368 silly gunzTarPerm extractEntry test/resolver/baz/quux.js
369 silly gunzTarPerm extractEntry test/resolver/biz/node_modules/grux/index.js
370 silly gunzTarPerm extractEntry test/resolver/biz/node_modules/tiv/index.js
371 silly gunzTarPerm extractEntry test/resolver/cup.coffee
372 silly gunzTarPerm extractEntry test/resolver/mug.coffee
373 silly gunzTarPerm extractEntry test/resolver/other_path/root.js
374 silly gunzTarPerm extractEntry test/resolver/other_path/lib/other-lib.js
375 silly lockFile d82f2816-me-joe-npm-resolve-0-3-1-package tar:///home/joe/.npm/resolve/0.3.1/package
376 silly lockFile d82f2816-me-joe-npm-resolve-0-3-1-package tar:///home/joe/.npm/resolve/0.3.1/package
377 silly lockFile eca82a79-oe-npm-resolve-0-3-1-package-tgz tar:///home/joe/.npm/resolve/0.3.1/package.tgz
378 silly lockFile eca82a79-oe-npm-resolve-0-3-1-package-tgz tar:///home/joe/.npm/resolve/0.3.1/package.tgz
379 verbose chmod /home/joe/.npm/resolve/0.3.1/package.tgz 644
380 verbose chown /home/joe/.npm/resolve/0.3.1/package.tgz [ 1002, 1002 ]
381 silly lockFile e92308c0-js-org-resolve-resolve-0-3-1-tgz https://registry.npmjs.org/resolve/-/resolve-0.3.1.tgz
382 silly lockFile e92308c0-js-org-resolve-resolve-0-3-1-tgz https://registry.npmjs.org/resolve/-/resolve-0.3.1.tgz
383 silly lockFile 95464470-resolve-0-3-1 resolve@0.3.1
384 silly lockFile 95464470-resolve-0-3-1 resolve@0.3.1
385 silly lockFile 7958d065-resolve-0-3-1 resolve@~0.3.1
386 silly lockFile 7958d065-resolve-0-3-1 resolve@~0.3.1
387 silly resolved [ { name: 'findup-sync',
387 silly resolved     description: 'Find the first file matching a given pattern in the current directory or the nearest ancestor directory.',
387 silly resolved     version: '0.1.2',
387 silly resolved     homepage: 'https://github.com/cowboy/node-findup-sync',
387 silly resolved     author: { name: '"Cowboy" Ben Alman', url: 'http://benalman.com/' },
387 silly resolved     repository:
387 silly resolved      { type: 'git',
387 silly resolved        url: 'git://github.com/cowboy/node-findup-sync.git' },
387 silly resolved     bugs: { url: 'https://github.com/cowboy/node-findup-sync/issues' },
387 silly resolved     licenses: [ [Object] ],
387 silly resolved     main: 'lib/findup-sync',
387 silly resolved     engines: { node: '>= 0.6.0' },
387 silly resolved     scripts: { test: 'grunt nodeunit' },
387 silly resolved     dependencies: { glob: '~3.1.21', lodash: '~1.0.1' },
387 silly resolved     devDependencies:
387 silly resolved      { grunt: '~0.4.0',
387 silly resolved        'grunt-contrib-jshint': '~0.2.0',
387 silly resolved        'grunt-contrib-nodeunit': '~0.1.2' },
387 silly resolved     keywords: [ 'find', 'glob', 'file' ],
387 silly resolved     readme: '# findup-sync\n\nFind the first file matching a given pattern in the current directory or the nearest ancestor directory.\n\n## Getting Started\nInstall the module with: `npm install findup-sync`\n\n```js\nvar findup = require(\'findup-sync\');\n\n// Start looking in the CWD.\nvar filepath1 = findup(\'{a,b}*.txt\');\n\n// Start looking somewhere else, and ignore case (probably a good idea).\nvar filepath2 = findup(\'{a,b}*.txt\', {cwd: \'/some/path\', nocase: true});\n```\n\n## Usage\n\n```js\nfindup(patternOrPatterns [, minimatchOptions])\n```\n\n### patternOrPatterns\nType: `String` or `Array`  \nDefault: none\n\nOne or more wildcard glob patterns. Or just filenames.\n\n### minimatchOptions\nType: `Object`  \nDefault: `{}`\n\nOptions to be passed to [minimatch](https://github.com/isaacs/minimatch).\n\nNote that if you want to start in a different directory than the current working directory, specify a `cwd` property here.\n\n## Contributing\nIn lieu of a formal styleguide, take care to maintain the existing coding style. Add unit tests for any new or changed functionality. Lint and test your code using [Grunt](http://gruntjs.com/).\n\n## Release History\n2013-03-08 - v0.1.2 - Updated dependencies. Fixed a Node 0.9.x bug. Updated unit tests to work cross-platform.  \n2012-11-15 - v0.1.1 - Now works without an options object.  \n2012-11-01 - v0.1.0 - Initial release.\n',
387 silly resolved     readmeFilename: 'README.md',
387 silly resolved     _id: 'findup-sync@0.1.2',
387 silly resolved     dist: { shasum: '5d17fb73b3e6b2f33d95a915c0ecb9f46cec00bc' },
387 silly resolved     _from: 'findup-sync@~0.1.0',
387 silly resolved     _resolved: 'https://registry.npmjs.org/findup-sync/-/findup-sync-0.1.2.tgz' },
387 silly resolved   { name: 'nopt',
387 silly resolved     version: '1.0.10',
387 silly resolved     description: 'Option parsing for Node, supporting types, shorthands, etc. Used by npm.',
387 silly resolved     author:
387 silly resolved      { name: 'Isaac Z. Schlueter',
387 silly resolved        email: 'i@izs.me',
387 silly resolved        url: 'http://blog.izs.me/' },
387 silly resolved     main: 'lib/nopt.js',
387 silly resolved     scripts: { test: 'node lib/nopt.js' },
387 silly resolved     repository: { type: 'git', url: 'http://github.com/isaacs/nopt' },
387 silly resolved     bin: { nopt: './bin/nopt.js' },
387 silly resolved     license:
387 silly resolved      { type: 'MIT',
387 silly resolved        url: 'https://github.com/isaacs/nopt/raw/master/LICENSE' },
387 silly resolved     dependencies: { abbrev: '1' },
387 silly resolved     readme: 'If you want to write an option parser, and have it be good, there are\ntwo ways to do it.  The Right Way, and the Wrong Way.\n\nThe Wrong Way is to sit down and write an option parser.  We\'ve all done\nthat.\n\nThe Right Way is to write some complex configurable program with so many\noptions that you go half-insane just trying to manage them all, and put\nit off with duct-tape solutions until you see exactly to the core of the\nproblem, and finally snap and write an awesome option parser.\n\nIf you want to write an option parser, don\'t write an option parser.\nWrite a package manager, or a source control system, or a service\nrestarter, or an operating system.  You probably won\'t end up with a\ngood one of those, but if you don\'t give up, and you are relentless and\ndiligent enough in your procrastination, you may just end up with a very\nnice option parser.\n\n## USAGE\n\n    // my-program.js\n    var nopt = require("nopt")\n      , Stream = require("stream").Stream\n      , path = require("path")\n      , knownOpts = { "foo" : [String, null]\n                    , "bar" : [Stream, Number]\n                    , "baz" : path\n                    , "bloo" : [ "big", "medium", "small" ]\n                    , "flag" : Boolean\n                    , "pick" : Boolean\n                    , "many" : [String, Array]\n                    }\n      , shortHands = { "foofoo" : ["--foo", "Mr. Foo"]\n                     , "b7" : ["--bar", "7"]\n                     , "m" : ["--bloo", "medium"]\n                     , "p" : ["--pick"]\n                     , "f" : ["--flag"]\n                     }\n                 // everything is optional.\n                 // knownOpts and shorthands default to {}\n                 // arg list defaults to process.argv\n                 // slice defaults to 2\n      , parsed = nopt(knownOpts, shortHands, process.argv, 2)\n    console.log(parsed)\n\nThis would give you support for any of the following:\n\n```bash\n$ node my-program.js --foo "blerp" --no-flag\n{ "foo" : "blerp", "flag" : false }\n\n$ node my-program.js ---bar 7 --foo "Mr. Hand" --flag\n{ bar: 7, foo: "Mr. Hand", flag: true }\n\n$ node my-program.js --foo "blerp" -f -----p\n{ foo: "blerp", flag: true, pick: true }\n\n$ node my-program.js -fp --foofoo\n{ foo: "Mr. Foo", flag: true, pick: true }\n\n$ node my-program.js --foofoo -- -fp  # -- stops the flag parsing.\n{ foo: "Mr. Foo", argv: { remain: ["-fp"] } }\n\n$ node my-program.js --blatzk 1000 -fp # unknown opts are ok.\n{ blatzk: 1000, flag: true, pick: true }\n\n$ node my-program.js --blatzk true -fp # but they need a value\n{ blatzk: true, flag: true, pick: true }\n\n$ node my-program.js --no-blatzk -fp # unless they start with "no-"\n{ blatzk: false, flag: true, pick: true }\n\n$ node my-program.js --baz b/a/z # known paths are resolved.\n{ baz: "/Users/isaacs/b/a/z" }\n\n# if Array is one of the types, then it can take many\n# values, and will always be an array.  The other types provided\n# specify what types are allowed in the list.\n\n$ node my-program.js --many 1 --many null --many foo\n{ many: ["1", "null", "foo"] }\n\n$ node my-program.js --many foo\n{ many: ["foo"] }\n```\n\nRead the tests at the bottom of `lib/nopt.js` for more examples of\nwhat this puppy can do.\n\n## Types\n\nThe following types are supported, and defined on `nopt.typeDefs`\n\n* String: A normal string.  No parsing is done.\n* path: A file system path.  Gets resolved against cwd if not absolute.\n* url: A url.  If it doesn\'t parse, it isn\'t accepted.\n* Number: Must be numeric.\n* Date: Must parse as a date. If it does, and `Date` is one of the options,\n  then it will return a Date object, not a string.\n* Boolean: Must be either `true` or `false`.  If an option is a boolean,\n  then it does not need a value, and its presence will imply `true` as\n  the value.  To negate boolean flags, do `--no-whatever` or `--whatever\n  false`\n* NaN: Means that the option is strictly not allowed.  Any value will\n  fail.\n* Stream: An object matching the "Stream" class in node.  Valuable\n  for use when validating programmatically.  (npm uses this to let you\n  supply any WriteStream on the `outfd` and `logfd` config options.)\n* Array: If `Array` is specified as one of the types, then the value\n  will be parsed as a list of options.  This means that multiple values\n  can be specified, and that the value will always be an array.\n\nIf a type is an array of values not on this list, then those are\nconsidered valid values.  For instance, in the example above, the\n`--bloo` option can only be one of `"big"`, `"medium"`, or `"small"`,\nand any other value will be rejected.\n\nWhen parsing unknown fields, `"true"`, `"false"`, and `"null"` will be\ninterpreted as their JavaScript equivalents, and numeric values will be\ninterpreted as a number.\n\nYou can also mix types and values, or multiple types, in a list.  For\ninstance `{ blah: [Number, null] }` would allow a value to be set to\neither a Number or null.\n\nTo define a new type, add it to `nopt.typeDefs`.  Each item in that\nhash is an object with a `type` member and a `validate` method.  The\n`type` member is an object that matches what goes in the type list.  The\n`validate` method is a function that gets called with `validate(data,\nkey, val)`.  Validate methods should assign `data[key]` to the valid\nvalue of `val` if it can be handled properly, or return boolean\n`false` if it cannot.\n\nYou can also call `nopt.clean(data, types, typeDefs)` to clean up a\nconfig object and remove its invalid properties.\n\n## Error Handling\n\nBy default, nopt outputs a warning to standard error when invalid\noptions are found.  You can change this behavior by assigning a method\nto `nopt.invalidHandler`.  This method will be called with\nthe offending `nopt.invalidHandler(key, val, types)`.\n\nIf no `nopt.invalidHandler` is assigned, then it will console.error\nits whining.  If it is assigned to boolean `false` then the warning is\nsuppressed.\n\n## Abbreviations\n\nYes, they are supported.  If you define options like this:\n\n```javascript\n{ "foolhardyelephants" : Boolean\n, "pileofmonkeys" : Boolean }\n```\n\nThen this will work:\n\n```bash\nnode program.js --foolhar --pil\nnode program.js --no-f --pileofmon\n# etc.\n```\n\n## Shorthands\n\nShorthands are a hash of shorter option names to a snippet of args that\nthey expand to.\n\nIf multiple one-character shorthands are all combined, and the\ncombination does not unambiguously match any other option or shorthand,\nthen they will be broken up into their constituent parts.  For example:\n\n```json\n{ "s" : ["--loglevel", "silent"]\n, "g" : "--global"\n, "f" : "--force"\n, "p" : "--parseable"\n, "l" : "--long"\n}\n```\n\n```bash\nnpm ls -sgflp\n# just like doing this:\nnpm ls --loglevel silent --global --force --long --parseable\n```\n\n## The Rest of the args\n\nThe config object returned by nopt is given a special member called\n`argv`, which is an object with the following fields:\n\n* `remain`: The remaining args after all the parsing has occurred.\n* `original`: The args as they originally appeared.\n* `cooked`: The args after flags and shorthands are expanded.\n\n## Slicing\n\nNode programs are called with more or less the exact argv as it appears\nin C land, after the v8 and node-specific options have been plucked off.\nAs such, `argv[0]` is always `node` and `argv[1]` is always the\nJavaScript program being run.\n\nThat\'s usually not very useful to you.  So they\'re sliced off by\ndefault.  If you want them, then you can pass in `0` as the last\nargument, or any other number that you\'d like to slice off the start of\nthe list.\n',
387 silly resolved     readmeFilename: 'README.md',
387 silly resolved     bugs: { url: 'https://github.com/isaacs/nopt/issues' },
387 silly resolved     homepage: 'https://github.com/isaacs/nopt',
387 silly resolved     _id: 'nopt@1.0.10',
387 silly resolved     dist: { shasum: '39727aaf37bc63d2cb5a777bebbb842769ac0594' },
387 silly resolved     _from: 'nopt@~1.0.10',
387 silly resolved     _resolved: 'https://registry.npmjs.org/nopt/-/nopt-1.0.10.tgz' },
387 silly resolved   { name: 'resolve',
387 silly resolved     description: 'resolve like require.resolve() on behalf of files asynchronously and synchronously',
387 silly resolved     version: '0.3.1',
387 silly resolved     repository:
387 silly resolved      { type: 'git',
387 silly resolved        url: 'git://github.com/substack/node-resolve.git' },
387 silly resolved     main: 'index.js',
387 silly resolved     keywords: [ 'resolve', 'require', 'node', 'module' ],
387 silly resolved     scripts: { test: 'tap test/*.js' },
387 silly resolved     devDependencies: { tap: '~0.4.0' },
387 silly resolved     license: 'MIT',
387 silly resolved     author:
387 silly resolved      { name: 'James Halliday',
387 silly resolved        email: 'mail@substack.net',
387 silly resolved        url: 'http://substack.net' },
387 silly resolved     readme: '# resolve\n\nimplements the [node `require.resolve()`\nalgorithm](http://nodejs.org/docs/v0.4.8/api/all.html#all_Together...)\nsuch that you can `require.resolve()` on behalf of a file asynchronously and\nsynchronously\n\n[![build status](https://secure.travis-ci.org/substack/node-resolve.png)](http://travis-ci.org/substack/node-resolve)\n\n# example\n\nasynchronously resolve:\n\n``` js\nvar resolve = require(\'resolve\');\nresolve(\'tap\', { basedir: __dirname }, function (err, res) {\n    if (err) console.error(err)\n    else console.log(res)\n});\n```\n\n```\n$ node example/async.js\n/home/substack/projects/node-resolve/node_modules/tap/lib/main.js\n```\n\nsynchronously resolve:\n\n``` js\nvar resolve = require(\'resolve\');\nvar res = resolve.sync(\'tap\', { basedir: __dirname });\nconsole.log(res);\n```\n\n```\n$ node example/sync.js\n/home/substack/projects/node-resolve/node_modules/tap/lib/main.js\n```\n\n# methods\n\n``` js\nvar resolve = require(\'resolve\')\n```\n\n## resolve(pkg, opts={}, cb)\n\nAsynchronously resolve the module path string `pkg` into `cb(err, res)`.\n\noptions are:\n\n* opts.basedir - directory to begin resolving from\n\n* opts.extensions - array of file extensions to search in order\n\n* opts.readFile - how to read files asynchronously\n\n* opts.isFile - function to asynchronously test whether a file exists\n\n* opts.packageFilter - transform the parsed package.json contents before looking\nat the "main" field\n\n* opts.paths - require.paths array to use if nothing is found on the normal\nnode_modules recursive walk (probably don\'t use this)\n\ndefault `opts` values:\n\n``` javascript\n{\n    paths: [],\n    basedir: __dirname,\n    extensions: [ \'.js\' ],\n    readFile: fs.readFile,\n    isFile: function (file, cb) {\n        fs.stat(file, function (err, stat) {\n            if (err && err.code === \'ENOENT\') cb(null, false)\n            else if (err) cb(err)\n            else cb(null, stat.isFile())\n        });\n    }\n}\n```\n\n## resolve.sync(pkg, opts)\n\nSynchronously resolve the module path string `pkg`, returning the result and\nthrowing an error when `pkg` can\'t be resolved.\n\noptions are:\n\n* opts.basedir - directory to begin resolving from\n\n* opts.extensions - array of file extensions to search in order\n\n* opts.readFile - how to read files synchronously\n\n* opts.isFile - function to synchronously test whether a file exists\n\n* opts.packageFilter - transform the parsed package.json contents before looking\nat the "main" field\n\n* opts.paths - require.paths array to use if nothing is found on the normal\nnode_modules recursive walk (probably don\'t use this)\n\ndefault `opts` values:\n\n``` javascript\n{\n    paths: [],\n    basedir: __dirname,\n    extensions: [ \'.js\' ],\n    readFileSync: fs.readFileSync,\n    isFile: function (file) {\n        try { return fs.statSync(file).isFile() }\n        catch (e) { return false }\n    }\n}\n````\n\n## resolve.isCore(pkg)\n\nReturn whether a package is in core.\n\n# install\n\nWith [npm](https://npmjs.org) do:\n\n```\nnpm install resolve\n```\n\n# license\n\nMIT\n',
387 silly resolved     readmeFilename: 'readme.markdown',
387 silly resolved     bugs: { url: 'https://github.com/substack/node-resolve/issues' },
387 silly resolved     homepage: 'https://github.com/substack/node-resolve',
387 silly resolved     _id: 'resolve@0.3.1',
387 silly resolved     dist: { shasum: 'df22131d30073d25209b441cc1c94401ea97d7a6' },
387 silly resolved     _from: 'resolve@~0.3.1',
387 silly resolved     _resolved: 'https://registry.npmjs.org/resolve/-/resolve-0.3.1.tgz' } ]
388 info install findup-sync@0.1.2 into /usr/local/lib/node_modules/grunt-cli
389 info install nopt@1.0.10 into /usr/local/lib/node_modules/grunt-cli
390 info install resolve@0.3.1 into /usr/local/lib/node_modules/grunt-cli
391 info installOne findup-sync@0.1.2
392 info installOne nopt@1.0.10
393 info installOne resolve@0.3.1
394 info /usr/local/lib/node_modules/grunt-cli/node_modules/findup-sync unbuild
395 info /usr/local/lib/node_modules/grunt-cli/node_modules/nopt unbuild
396 info /usr/local/lib/node_modules/grunt-cli/node_modules/resolve unbuild
397 verbose tar unpack /home/joe/.npm/findup-sync/0.1.2/package.tgz
398 silly lockFile 128370a2-unt-cli-node-modules-findup-sync tar:///usr/local/lib/node_modules/grunt-cli/node_modules/findup-sync
399 verbose lock tar:///usr/local/lib/node_modules/grunt-cli/node_modules/findup-sync /home/joe/.npm/128370a2-unt-cli-node-modules-findup-sync.lock
400 silly lockFile 3de7bebc-pm-findup-sync-0-1-2-package-tgz tar:///home/joe/.npm/findup-sync/0.1.2/package.tgz
401 verbose lock tar:///home/joe/.npm/findup-sync/0.1.2/package.tgz /home/joe/.npm/3de7bebc-pm-findup-sync-0-1-2-package-tgz.lock
402 verbose tar unpack /home/joe/.npm/nopt/1.0.10/package.tgz
403 silly lockFile 36545abe-ules-grunt-cli-node-modules-nopt tar:///usr/local/lib/node_modules/grunt-cli/node_modules/nopt
404 verbose lock tar:///usr/local/lib/node_modules/grunt-cli/node_modules/nopt /home/joe/.npm/36545abe-ules-grunt-cli-node-modules-nopt.lock
405 silly lockFile b4ddab27--joe-npm-nopt-1-0-10-package-tgz tar:///home/joe/.npm/nopt/1.0.10/package.tgz
406 verbose lock tar:///home/joe/.npm/nopt/1.0.10/package.tgz /home/joe/.npm/b4ddab27--joe-npm-nopt-1-0-10-package-tgz.lock
407 verbose tar unpack /home/joe/.npm/resolve/0.3.1/package.tgz
408 silly lockFile 0ffe0288-s-grunt-cli-node-modules-resolve tar:///usr/local/lib/node_modules/grunt-cli/node_modules/resolve
409 verbose lock tar:///usr/local/lib/node_modules/grunt-cli/node_modules/resolve /home/joe/.npm/0ffe0288-s-grunt-cli-node-modules-resolve.lock
410 silly lockFile eca82a79-oe-npm-resolve-0-3-1-package-tgz tar:///home/joe/.npm/resolve/0.3.1/package.tgz
411 verbose lock tar:///home/joe/.npm/resolve/0.3.1/package.tgz /home/joe/.npm/eca82a79-oe-npm-resolve-0-3-1-package-tgz.lock
412 silly gunzTarPerm modes [ '755', '644' ]
413 silly gunzTarPerm modes [ '755', '644' ]
414 silly gunzTarPerm modes [ '755', '644' ]
415 silly gunzTarPerm extractEntry package.json
416 silly gunzTarPerm extractEntry package.json
417 silly gunzTarPerm extractEntry package.json
418 silly gunzTarPerm extractEntry .npmignore
419 silly gunzTarPerm extractEntry README.md
420 silly gunzTarPerm extractEntry .npmignore
421 silly gunzTarPerm extractEntry README.md
422 silly gunzTarPerm extractEntry LICENSE
423 silly gunzTarPerm extractEntry index.js
424 silly gunzTarPerm extractEntry Gruntfile.js
425 silly gunzTarPerm extractEntry .jshintrc
426 silly gunzTarPerm extractEntry LICENSE
427 silly gunzTarPerm extractEntry bin/nopt.js
428 silly gunzTarPerm extractEntry .travis.yml
429 silly gunzTarPerm extractEntry example/async.js
430 silly gunzTarPerm extractEntry LICENSE-MIT
431 silly gunzTarPerm extractEntry lib/findup-sync.js
432 silly gunzTarPerm extractEntry examples/my-program.js
433 silly gunzTarPerm extractEntry lib/nopt.js
434 silly gunzTarPerm extractEntry example/sync.js
435 silly gunzTarPerm extractEntry lib/async.js
436 silly gunzTarPerm extractEntry test/findup-sync_test.js
437 silly gunzTarPerm extractEntry test/fixtures/a/b/bar.txt
438 silly gunzTarPerm extractEntry lib/core.js
439 silly gunzTarPerm extractEntry lib/sync.js
440 silly gunzTarPerm extractEntry test/fixtures/a/foo.txt
441 silly gunzTarPerm extractEntry test/fixtures/a.txt
442 silly gunzTarPerm extractEntry lib/core.json
443 silly gunzTarPerm extractEntry test/fixtures/aaa.txt
444 silly gunzTarPerm extractEntry readme.markdown
445 silly gunzTarPerm extractEntry test/core.js
446 silly gunzTarPerm extractEntry test/filter.js
447 silly gunzTarPerm extractEntry test/filter_sync.js
448 silly gunzTarPerm extractEntry test/mock.js
449 silly gunzTarPerm extractEntry test/mock_sync.js
450 silly gunzTarPerm extractEntry test/resolver.js
451 silly gunzTarPerm extractEntry test/resolver_sync.js
452 silly gunzTarPerm extractEntry test/resolver/foo.js
453 silly gunzTarPerm extractEntry test/resolver/mug.js
454 silly gunzTarPerm extractEntry test/resolver/bar/node_modules/foo/index.js
455 silly gunzTarPerm extractEntry test/resolver/baz/package.json
456 silly gunzTarPerm extractEntry test/resolver/baz/doom.js
457 silly gunzTarPerm extractEntry test/resolver/baz/quux.js
458 silly lockFile 36545abe-ules-grunt-cli-node-modules-nopt tar:///usr/local/lib/node_modules/grunt-cli/node_modules/nopt
459 silly lockFile 36545abe-ules-grunt-cli-node-modules-nopt tar:///usr/local/lib/node_modules/grunt-cli/node_modules/nopt
460 silly lockFile b4ddab27--joe-npm-nopt-1-0-10-package-tgz tar:///home/joe/.npm/nopt/1.0.10/package.tgz
461 silly lockFile b4ddab27--joe-npm-nopt-1-0-10-package-tgz tar:///home/joe/.npm/nopt/1.0.10/package.tgz
462 silly lockFile 128370a2-unt-cli-node-modules-findup-sync tar:///usr/local/lib/node_modules/grunt-cli/node_modules/findup-sync
463 silly lockFile 128370a2-unt-cli-node-modules-findup-sync tar:///usr/local/lib/node_modules/grunt-cli/node_modules/findup-sync
464 info preinstall nopt@1.0.10
465 silly lockFile 3de7bebc-pm-findup-sync-0-1-2-package-tgz tar:///home/joe/.npm/findup-sync/0.1.2/package.tgz
466 silly lockFile 3de7bebc-pm-findup-sync-0-1-2-package-tgz tar:///home/joe/.npm/findup-sync/0.1.2/package.tgz
467 verbose readDependencies using package.json deps
468 verbose readDependencies using package.json deps
469 info preinstall findup-sync@0.1.2
470 verbose cache add [ 'abbrev@1', null ]
471 verbose cache add name=undefined spec="abbrev@1" args=["abbrev@1",null]
472 verbose parsed url { protocol: null,
472 verbose parsed url   slashes: null,
472 verbose parsed url   auth: null,
472 verbose parsed url   host: null,
472 verbose parsed url   port: null,
472 verbose parsed url   hostname: null,
472 verbose parsed url   hash: null,
472 verbose parsed url   search: null,
472 verbose parsed url   query: null,
472 verbose parsed url   pathname: 'abbrev@1',
472 verbose parsed url   path: 'abbrev@1',
472 verbose parsed url   href: 'abbrev@1' }
473 verbose cache add name="abbrev" spec="1" args=["abbrev","1"]
474 verbose parsed url { protocol: null,
474 verbose parsed url   slashes: null,
474 verbose parsed url   auth: null,
474 verbose parsed url   host: null,
474 verbose parsed url   port: null,
474 verbose parsed url   hostname: null,
474 verbose parsed url   hash: null,
474 verbose parsed url   search: null,
474 verbose parsed url   query: null,
474 verbose parsed url   pathname: '1',
474 verbose parsed url   path: '1',
474 verbose parsed url   href: '1' }
475 verbose addNamed [ 'abbrev', '1' ]
476 verbose addNamed [ null, '>=1.0.0-0 <2.0.0-0' ]
477 silly lockFile 6830b531-abbrev-1 abbrev@1
478 verbose lock abbrev@1 /home/joe/.npm/6830b531-abbrev-1.lock
479 verbose readDependencies using package.json deps
480 silly addNameRange { name: 'abbrev', range: '>=1.0.0-0 <2.0.0-0', hasData: false }
481 verbose readDependencies using package.json deps
482 verbose url raw abbrev
483 verbose url resolving [ 'https://registry.npmjs.org/', './abbrev' ]
484 verbose url resolved https://registry.npmjs.org/abbrev
485 info trying registry request attempt 1 at 11:36:34
486 http GET https://registry.npmjs.org/abbrev
487 verbose cache add [ 'glob@~3.1.21', null ]
488 verbose cache add name=undefined spec="glob@~3.1.21" args=["glob@~3.1.21",null]
489 verbose parsed url { protocol: null,
489 verbose parsed url   slashes: null,
489 verbose parsed url   auth: null,
489 verbose parsed url   host: null,
489 verbose parsed url   port: null,
489 verbose parsed url   hostname: null,
489 verbose parsed url   hash: null,
489 verbose parsed url   search: null,
489 verbose parsed url   query: null,
489 verbose parsed url   pathname: 'glob@~3.1.21',
489 verbose parsed url   path: 'glob@~3.1.21',
489 verbose parsed url   href: 'glob@~3.1.21' }
490 verbose cache add name="glob" spec="~3.1.21" args=["glob","~3.1.21"]
491 verbose parsed url { protocol: null,
491 verbose parsed url   slashes: null,
491 verbose parsed url   auth: null,
491 verbose parsed url   host: null,
491 verbose parsed url   port: null,
491 verbose parsed url   hostname: null,
491 verbose parsed url   hash: null,
491 verbose parsed url   search: null,
491 verbose parsed url   query: null,
491 verbose parsed url   pathname: '~3.1.21',
491 verbose parsed url   path: '~3.1.21',
491 verbose parsed url   href: '~3.1.21' }
492 verbose addNamed [ 'glob', '~3.1.21' ]
493 verbose addNamed [ null, '>=3.1.21-0 <3.2.0-0' ]
494 silly lockFile b5074ddc-glob-3-1-21 glob@~3.1.21
495 verbose lock glob@~3.1.21 /home/joe/.npm/b5074ddc-glob-3-1-21.lock
496 verbose cache add [ 'lodash@~1.0.1', null ]
497 verbose cache add name=undefined spec="lodash@~1.0.1" args=["lodash@~1.0.1",null]
498 verbose parsed url { protocol: null,
498 verbose parsed url   slashes: null,
498 verbose parsed url   auth: null,
498 verbose parsed url   host: null,
498 verbose parsed url   port: null,
498 verbose parsed url   hostname: null,
498 verbose parsed url   hash: null,
498 verbose parsed url   search: null,
498 verbose parsed url   query: null,
498 verbose parsed url   pathname: 'lodash@~1.0.1',
498 verbose parsed url   path: 'lodash@~1.0.1',
498 verbose parsed url   href: 'lodash@~1.0.1' }
499 verbose cache add name="lodash" spec="~1.0.1" args=["lodash","~1.0.1"]
500 verbose parsed url { protocol: null,
500 verbose parsed url   slashes: null,
500 verbose parsed url   auth: null,
500 verbose parsed url   host: null,
500 verbose parsed url   port: null,
500 verbose parsed url   hostname: null,
500 verbose parsed url   hash: null,
500 verbose parsed url   search: null,
500 verbose parsed url   query: null,
500 verbose parsed url   pathname: '~1.0.1',
500 verbose parsed url   path: '~1.0.1',
500 verbose parsed url   href: '~1.0.1' }
501 verbose addNamed [ 'lodash', '~1.0.1' ]
502 verbose addNamed [ null, '>=1.0.1-0 <1.1.0-0' ]
503 silly lockFile 7309cd5e-lodash-1-0-1 lodash@~1.0.1
504 verbose lock lodash@~1.0.1 /home/joe/.npm/7309cd5e-lodash-1-0-1.lock
505 silly addNameRange { name: 'glob', range: '>=3.1.21-0 <3.2.0-0', hasData: false }
506 silly addNameRange { name: 'lodash', range: '>=1.0.1-0 <1.1.0-0', hasData: false }
507 verbose url raw glob
508 verbose url resolving [ 'https://registry.npmjs.org/', './glob' ]
509 verbose url resolved https://registry.npmjs.org/glob
510 info trying registry request attempt 1 at 11:36:34
511 http GET https://registry.npmjs.org/glob
512 verbose url raw lodash
513 verbose url resolving [ 'https://registry.npmjs.org/', './lodash' ]
514 verbose url resolved https://registry.npmjs.org/lodash
515 info trying registry request attempt 1 at 11:36:34
516 http GET https://registry.npmjs.org/lodash
517 silly gunzTarPerm extractEntry test/resolver/biz/node_modules/grux/index.js
518 silly gunzTarPerm extractEntry test/resolver/biz/node_modules/tiv/index.js
519 silly gunzTarPerm extractEntry test/resolver/cup.coffee
520 silly gunzTarPerm extractEntry test/resolver/mug.coffee
521 silly gunzTarPerm extractEntry test/resolver/other_path/root.js
522 silly gunzTarPerm extractEntry test/resolver/other_path/lib/other-lib.js
523 silly lockFile 0ffe0288-s-grunt-cli-node-modules-resolve tar:///usr/local/lib/node_modules/grunt-cli/node_modules/resolve
524 silly lockFile 0ffe0288-s-grunt-cli-node-modules-resolve tar:///usr/local/lib/node_modules/grunt-cli/node_modules/resolve
525 silly lockFile eca82a79-oe-npm-resolve-0-3-1-package-tgz tar:///home/joe/.npm/resolve/0.3.1/package.tgz
526 silly lockFile eca82a79-oe-npm-resolve-0-3-1-package-tgz tar:///home/joe/.npm/resolve/0.3.1/package.tgz
527 info preinstall resolve@0.3.1
528 verbose readDependencies using package.json deps
529 verbose readDependencies using package.json deps
530 silly resolved []
531 verbose about to build /usr/local/lib/node_modules/grunt-cli/node_modules/resolve
532 info build /usr/local/lib/node_modules/grunt-cli/node_modules/resolve
533 verbose linkStuff [ true,
533 verbose linkStuff   '/usr/local/lib/node_modules',
533 verbose linkStuff   false,
533 verbose linkStuff   '/usr/local/lib/node_modules/grunt-cli/node_modules' ]
534 info linkStuff resolve@0.3.1
535 verbose linkBins resolve@0.3.1
536 verbose linkMans resolve@0.3.1
537 verbose rebuildBundles resolve@0.3.1
538 info install resolve@0.3.1
539 info postinstall resolve@0.3.1
540 http 200 https://registry.npmjs.org/abbrev
541 silly registry.get cb [ 200,
541 silly registry.get   { date: 'Wed, 12 Mar 2014 06:06:35 GMT',
541 silly registry.get     server: 'CouchDB/1.5.0 (Erlang OTP/R16B)',
541 silly registry.get     etag: '"93NRAXKXR6N49T9GVX0TRYLX8"',
541 silly registry.get     'content-type': 'application/json',
541 silly registry.get     via: '1.1 varnish',
541 silly registry.get     'cache-control': 'max-age=1',
541 silly registry.get     'content-length': '2634',
541 silly registry.get     'accept-ranges': 'bytes',
541 silly registry.get     age: '72',
541 silly registry.get     'x-served-by': 'cache-v43-ASH, cache-sv63-SJC3',
541 silly registry.get     'x-cache': 'HIT, HIT',
541 silly registry.get     'x-cache-hits': '2, 2',
541 silly registry.get     'x-timer': 'S1394604395.737498760,VS0,VE0',
541 silly registry.get     vary: 'Accept',
541 silly registry.get     'keep-alive': 'timeout=10, max=50',
541 silly registry.get     connection: 'Keep-Alive' } ]
542 silly addNameRange number 2 { name: 'abbrev', range: '>=1.0.0-0 <2.0.0-0', hasData: true }
543 silly addNameRange versions [ 'abbrev', [ '1.0.3', '1.0.4' ] ]
544 verbose addNamed [ 'abbrev', '1.0.4' ]
545 verbose addNamed [ '1.0.4', '1.0.4' ]
546 silly lockFile 64a4e3a6-abbrev-1-0-4 abbrev@1.0.4
547 verbose lock abbrev@1.0.4 /home/joe/.npm/64a4e3a6-abbrev-1-0-4.lock
548 silly lockFile 9c6d289c-pmjs-org-abbrev-abbrev-1-0-4-tgz https://registry.npmjs.org/abbrev/-/abbrev-1.0.4.tgz
549 verbose lock https://registry.npmjs.org/abbrev/-/abbrev-1.0.4.tgz /home/joe/.npm/9c6d289c-pmjs-org-abbrev-abbrev-1-0-4-tgz.lock
550 verbose addRemoteTarball [ 'https://registry.npmjs.org/abbrev/-/abbrev-1.0.4.tgz',
550 verbose addRemoteTarball   'bd55ae5e413ba1722ee4caba1f6ea10414a59ecd' ]
551 info retry fetch attempt 1 at 11:36:35
552 verbose fetch to= /home/joe/tmp/npm-3785-f-+utoxL/1394604395722-0.6068567582406104/tmp.tgz
553 http GET https://registry.npmjs.org/abbrev/-/abbrev-1.0.4.tgz
554 http 200 https://registry.npmjs.org/glob
555 silly registry.get cb [ 200,
555 silly registry.get   { date: 'Wed, 12 Mar 2014 06:06:35 GMT',
555 silly registry.get     server: 'CouchDB/1.5.0 (Erlang OTP/R16B)',
555 silly registry.get     etag: '"BGQDMPFDF4EAAH978EDUQNKVH"',
555 silly registry.get     'content-type': 'application/json',
555 silly registry.get     via: '1.1 varnish',
555 silly registry.get     'cache-control': 'max-age=1',
555 silly registry.get     'content-length': '43258',
555 silly registry.get     'accept-ranges': 'bytes',
555 silly registry.get     age: '33',
555 silly registry.get     'x-served-by': 'cache-v44-ASH, cache-sv63-SJC3',
555 silly registry.get     'x-cache': 'HIT, HIT',
555 silly registry.get     'x-cache-hits': '1, 1',
555 silly registry.get     'x-timer': 'S1394352732.753088951,VS0,VS-788,VE-787,VE251663089',
555 silly registry.get     vary: 'Accept',
555 silly registry.get     'keep-alive': 'timeout=10, max=50',
555 silly registry.get     connection: 'Keep-Alive' } ]
556 silly addNameRange number 2 { name: 'glob', range: '>=3.1.21-0 <3.2.0-0', hasData: true }
557 silly addNameRange versions [ 'glob',
557 silly addNameRange   [ '1.1.0',
557 silly addNameRange     '2.0.9',
557 silly addNameRange     '2.0.8',
557 silly addNameRange     '2.0.7',
557 silly addNameRange     '2.1.0',
557 silly addNameRange     '3.0.0',
557 silly addNameRange     '3.0.1',
557 silly addNameRange     '3.1.0',
557 silly addNameRange     '3.1.1',
557 silly addNameRange     '3.1.2',
557 silly addNameRange     '3.1.3',
557 silly addNameRange     '3.1.4',
557 silly addNameRange     '3.1.5',
557 silly addNameRange     '3.1.6',
557 silly addNameRange     '3.1.7',
557 silly addNameRange     '3.1.9',
557 silly addNameRange     '3.1.10',
557 silly addNameRange     '3.1.11',
557 silly addNameRange     '3.1.12',
557 silly addNameRange     '3.1.13',
557 silly addNameRange     '3.1.14',
557 silly addNameRange     '3.1.15',
557 silly addNameRange     '3.1.16',
557 silly addNameRange     '3.1.17',
557 silly addNameRange     '3.1.18',
557 silly addNameRange     '3.1.19',
557 silly addNameRange     '3.1.20',
557 silly addNameRange     '3.1.21',
557 silly addNameRange     '3.2.0',
557 silly addNameRange     '3.2.1',
557 silly addNameRange     '3.2.3',
557 silly addNameRange     '3.2.4',
557 silly addNameRange     '3.2.5',
557 silly addNameRange     '3.2.6',
557 silly addNameRange     '3.2.7',
557 silly addNameRange     '3.2.8',
557 silly addNameRange     '3.2.9' ] ]
558 verbose addNamed [ 'glob', '3.1.21' ]
559 verbose addNamed [ '3.1.21', '3.1.21' ]
560 silly lockFile ab465912-glob-3-1-21 glob@3.1.21
561 verbose lock glob@3.1.21 /home/joe/.npm/ab465912-glob-3-1-21.lock
562 silly lockFile a7e90008-y-npmjs-org-glob-glob-3-1-21-tgz https://registry.npmjs.org/glob/-/glob-3.1.21.tgz
563 verbose lock https://registry.npmjs.org/glob/-/glob-3.1.21.tgz /home/joe/.npm/a7e90008-y-npmjs-org-glob-glob-3-1-21-tgz.lock
564 verbose addRemoteTarball [ 'https://registry.npmjs.org/glob/-/glob-3.1.21.tgz',
564 verbose addRemoteTarball   'd29e0a055dea5138f4d07ed40e8982e83c2066cd' ]
565 info retry fetch attempt 1 at 11:36:36
566 verbose fetch to= /home/joe/tmp/npm-3785-f-+utoxL/1394604396446-0.4615319878794253/tmp.tgz
567 http GET https://registry.npmjs.org/glob/-/glob-3.1.21.tgz
568 http 200 https://registry.npmjs.org/abbrev/-/abbrev-1.0.4.tgz
569 verbose tar unpack /home/joe/tmp/npm-3785-f-+utoxL/1394604395722-0.6068567582406104/tmp.tgz
570 silly lockFile 5cad6567-95722-0-6068567582406104-package tar:///home/joe/tmp/npm-3785-f-+utoxL/1394604395722-0.6068567582406104/package
571 verbose lock tar:///home/joe/tmp/npm-3785-f-+utoxL/1394604395722-0.6068567582406104/package /home/joe/.npm/5cad6567-95722-0-6068567582406104-package.lock
572 silly lockFile 361d7acd-95722-0-6068567582406104-tmp-tgz tar:///home/joe/tmp/npm-3785-f-+utoxL/1394604395722-0.6068567582406104/tmp.tgz
573 verbose lock tar:///home/joe/tmp/npm-3785-f-+utoxL/1394604395722-0.6068567582406104/tmp.tgz /home/joe/.npm/361d7acd-95722-0-6068567582406104-tmp-tgz.lock
574 silly gunzTarPerm modes [ '755', '644' ]
575 silly gunzTarPerm extractEntry package.json
576 silly gunzTarPerm extractEntry README.md
577 silly gunzTarPerm extractEntry LICENSE
578 silly gunzTarPerm extractEntry lib/abbrev.js
579 silly lockFile 5cad6567-95722-0-6068567582406104-package tar:///home/joe/tmp/npm-3785-f-+utoxL/1394604395722-0.6068567582406104/package
580 silly lockFile 5cad6567-95722-0-6068567582406104-package tar:///home/joe/tmp/npm-3785-f-+utoxL/1394604395722-0.6068567582406104/package
581 silly lockFile 361d7acd-95722-0-6068567582406104-tmp-tgz tar:///home/joe/tmp/npm-3785-f-+utoxL/1394604395722-0.6068567582406104/tmp.tgz
582 silly lockFile 361d7acd-95722-0-6068567582406104-tmp-tgz tar:///home/joe/tmp/npm-3785-f-+utoxL/1394604395722-0.6068567582406104/tmp.tgz
583 verbose tar pack [ '/home/joe/.npm/abbrev/1.0.4/package.tgz',
583 verbose tar pack   '/home/joe/tmp/npm-3785-f-+utoxL/1394604395722-0.6068567582406104/package' ]
584 verbose tarball /home/joe/.npm/abbrev/1.0.4/package.tgz
585 verbose folder /home/joe/tmp/npm-3785-f-+utoxL/1394604395722-0.6068567582406104/package
586 silly lockFile 5cad6567-95722-0-6068567582406104-package tar:///home/joe/tmp/npm-3785-f-+utoxL/1394604395722-0.6068567582406104/package
587 verbose lock tar:///home/joe/tmp/npm-3785-f-+utoxL/1394604395722-0.6068567582406104/package /home/joe/.npm/5cad6567-95722-0-6068567582406104-package.lock
588 silly lockFile ace0b605-joe-npm-abbrev-1-0-4-package-tgz tar:///home/joe/.npm/abbrev/1.0.4/package.tgz
589 verbose lock tar:///home/joe/.npm/abbrev/1.0.4/package.tgz /home/joe/.npm/ace0b605-joe-npm-abbrev-1-0-4-package-tgz.lock
590 silly lockFile 5cad6567-95722-0-6068567582406104-package tar:///home/joe/tmp/npm-3785-f-+utoxL/1394604395722-0.6068567582406104/package
591 silly lockFile 5cad6567-95722-0-6068567582406104-package tar:///home/joe/tmp/npm-3785-f-+utoxL/1394604395722-0.6068567582406104/package
592 silly lockFile ace0b605-joe-npm-abbrev-1-0-4-package-tgz tar:///home/joe/.npm/abbrev/1.0.4/package.tgz
593 silly lockFile ace0b605-joe-npm-abbrev-1-0-4-package-tgz tar:///home/joe/.npm/abbrev/1.0.4/package.tgz
594 silly lockFile 1c7947fa-ome-joe-npm-abbrev-1-0-4-package /home/joe/.npm/abbrev/1.0.4/package
595 verbose lock /home/joe/.npm/abbrev/1.0.4/package /home/joe/.npm/1c7947fa-ome-joe-npm-abbrev-1-0-4-package.lock
596 silly lockFile 1c7947fa-ome-joe-npm-abbrev-1-0-4-package /home/joe/.npm/abbrev/1.0.4/package
597 silly lockFile 1c7947fa-ome-joe-npm-abbrev-1-0-4-package /home/joe/.npm/abbrev/1.0.4/package
598 verbose tar unpack /home/joe/.npm/abbrev/1.0.4/package.tgz
599 silly lockFile 091782c1-ome-joe-npm-abbrev-1-0-4-package tar:///home/joe/.npm/abbrev/1.0.4/package
600 verbose lock tar:///home/joe/.npm/abbrev/1.0.4/package /home/joe/.npm/091782c1-ome-joe-npm-abbrev-1-0-4-package.lock
601 silly lockFile ace0b605-joe-npm-abbrev-1-0-4-package-tgz tar:///home/joe/.npm/abbrev/1.0.4/package.tgz
602 verbose lock tar:///home/joe/.npm/abbrev/1.0.4/package.tgz /home/joe/.npm/ace0b605-joe-npm-abbrev-1-0-4-package-tgz.lock
603 silly gunzTarPerm modes [ '755', '644' ]
604 silly gunzTarPerm extractEntry package.json
605 silly gunzTarPerm extractEntry README.md
606 silly gunzTarPerm extractEntry LICENSE
607 silly gunzTarPerm extractEntry lib/abbrev.js
608 silly lockFile 091782c1-ome-joe-npm-abbrev-1-0-4-package tar:///home/joe/.npm/abbrev/1.0.4/package
609 silly lockFile 091782c1-ome-joe-npm-abbrev-1-0-4-package tar:///home/joe/.npm/abbrev/1.0.4/package
610 silly lockFile ace0b605-joe-npm-abbrev-1-0-4-package-tgz tar:///home/joe/.npm/abbrev/1.0.4/package.tgz
611 silly lockFile ace0b605-joe-npm-abbrev-1-0-4-package-tgz tar:///home/joe/.npm/abbrev/1.0.4/package.tgz
612 verbose chmod /home/joe/.npm/abbrev/1.0.4/package.tgz 644
613 verbose chown /home/joe/.npm/abbrev/1.0.4/package.tgz [ 1002, 1002 ]
614 silly lockFile 9c6d289c-pmjs-org-abbrev-abbrev-1-0-4-tgz https://registry.npmjs.org/abbrev/-/abbrev-1.0.4.tgz
615 silly lockFile 9c6d289c-pmjs-org-abbrev-abbrev-1-0-4-tgz https://registry.npmjs.org/abbrev/-/abbrev-1.0.4.tgz
616 silly lockFile 64a4e3a6-abbrev-1-0-4 abbrev@1.0.4
617 silly lockFile 64a4e3a6-abbrev-1-0-4 abbrev@1.0.4
618 silly lockFile 6830b531-abbrev-1 abbrev@1
619 silly lockFile 6830b531-abbrev-1 abbrev@1
620 silly resolved [ { name: 'abbrev',
620 silly resolved     version: '1.0.4',
620 silly resolved     description: 'Like ruby\'s abbrev module, but in js',
620 silly resolved     author: { name: 'Isaac Z. Schlueter', email: 'i@izs.me' },
620 silly resolved     main: './lib/abbrev.js',
620 silly resolved     scripts: { test: 'node lib/abbrev.js' },
620 silly resolved     repository: { type: 'git', url: 'http://github.com/isaacs/abbrev-js' },
620 silly resolved     license:
620 silly resolved      { type: 'MIT',
620 silly resolved        url: 'https://github.com/isaacs/abbrev-js/raw/master/LICENSE' },
620 silly resolved     readme: '# abbrev-js\n\nJust like [ruby\'s Abbrev](http://apidock.com/ruby/Abbrev).\n\nUsage:\n\n    var abbrev = require("abbrev");\n    abbrev("foo", "fool", "folding", "flop");\n    \n    // returns:\n    { fl: \'flop\'\n    , flo: \'flop\'\n    , flop: \'flop\'\n    , fol: \'folding\'\n    , fold: \'folding\'\n    , foldi: \'folding\'\n    , foldin: \'folding\'\n    , folding: \'folding\'\n    , foo: \'foo\'\n    , fool: \'fool\'\n    }\n\nThis is handy for command-line scripts, or other cases where you want to be able to accept shorthands.\n',
620 silly resolved     readmeFilename: 'README.md',
620 silly resolved     bugs: { url: 'https://github.com/isaacs/abbrev-js/issues' },
620 silly resolved     homepage: 'https://github.com/isaacs/abbrev-js',
620 silly resolved     _id: 'abbrev@1.0.4',
620 silly resolved     dist: { shasum: '4813ce348d04d203e240228f6a53eb168ab8abca' },
620 silly resolved     _from: 'abbrev@1',
620 silly resolved     _resolved: 'https://registry.npmjs.org/abbrev/-/abbrev-1.0.4.tgz' } ]
621 info install abbrev@1.0.4 into /usr/local/lib/node_modules/grunt-cli/node_modules/nopt
622 info installOne abbrev@1.0.4
623 info /usr/local/lib/node_modules/grunt-cli/node_modules/nopt/node_modules/abbrev unbuild
624 verbose tar unpack /home/joe/.npm/abbrev/1.0.4/package.tgz
625 silly lockFile 29339c90-modules-nopt-node-modules-abbrev tar:///usr/local/lib/node_modules/grunt-cli/node_modules/nopt/node_modules/abbrev
626 verbose lock tar:///usr/local/lib/node_modules/grunt-cli/node_modules/nopt/node_modules/abbrev /home/joe/.npm/29339c90-modules-nopt-node-modules-abbrev.lock
627 silly lockFile ace0b605-joe-npm-abbrev-1-0-4-package-tgz tar:///home/joe/.npm/abbrev/1.0.4/package.tgz
628 verbose lock tar:///home/joe/.npm/abbrev/1.0.4/package.tgz /home/joe/.npm/ace0b605-joe-npm-abbrev-1-0-4-package-tgz.lock
629 silly gunzTarPerm modes [ '755', '644' ]
630 silly gunzTarPerm extractEntry package.json
631 silly gunzTarPerm extractEntry README.md
632 silly gunzTarPerm extractEntry LICENSE
633 silly gunzTarPerm extractEntry lib/abbrev.js
634 silly lockFile 29339c90-modules-nopt-node-modules-abbrev tar:///usr/local/lib/node_modules/grunt-cli/node_modules/nopt/node_modules/abbrev
635 silly lockFile 29339c90-modules-nopt-node-modules-abbrev tar:///usr/local/lib/node_modules/grunt-cli/node_modules/nopt/node_modules/abbrev
636 silly lockFile ace0b605-joe-npm-abbrev-1-0-4-package-tgz tar:///home/joe/.npm/abbrev/1.0.4/package.tgz
637 silly lockFile ace0b605-joe-npm-abbrev-1-0-4-package-tgz tar:///home/joe/.npm/abbrev/1.0.4/package.tgz
638 info preinstall abbrev@1.0.4
639 verbose readDependencies using package.json deps
640 verbose readDependencies using package.json deps
641 silly resolved []
642 verbose about to build /usr/local/lib/node_modules/grunt-cli/node_modules/nopt/node_modules/abbrev
643 info build /usr/local/lib/node_modules/grunt-cli/node_modules/nopt/node_modules/abbrev
644 verbose linkStuff [ true,
644 verbose linkStuff   '/usr/local/lib/node_modules',
644 verbose linkStuff   false,
644 verbose linkStuff   '/usr/local/lib/node_modules/grunt-cli/node_modules/nopt/node_modules' ]
645 info linkStuff abbrev@1.0.4
646 verbose linkBins abbrev@1.0.4
647 verbose linkMans abbrev@1.0.4
648 verbose rebuildBundles abbrev@1.0.4
649 info install abbrev@1.0.4
650 info postinstall abbrev@1.0.4
651 verbose about to build /usr/local/lib/node_modules/grunt-cli/node_modules/nopt
652 info build /usr/local/lib/node_modules/grunt-cli/node_modules/nopt
653 verbose linkStuff [ true,
653 verbose linkStuff   '/usr/local/lib/node_modules',
653 verbose linkStuff   false,
653 verbose linkStuff   '/usr/local/lib/node_modules/grunt-cli/node_modules' ]
654 info linkStuff nopt@1.0.10
655 verbose linkBins nopt@1.0.10
656 verbose link bins [ { nopt: './bin/nopt.js' },
656 verbose link bins   '/usr/local/lib/node_modules/grunt-cli/node_modules/.bin',
656 verbose link bins   false ]
657 verbose linkMans nopt@1.0.10
658 verbose rebuildBundles nopt@1.0.10
659 verbose rebuildBundles [ 'abbrev' ]
660 info install nopt@1.0.10
661 info postinstall nopt@1.0.10
662 http 200 https://registry.npmjs.org/glob/-/glob-3.1.21.tgz
663 verbose tar unpack /home/joe/tmp/npm-3785-f-+utoxL/1394604396446-0.4615319878794253/tmp.tgz
664 silly lockFile 2796c36a-96446-0-4615319878794253-package tar:///home/joe/tmp/npm-3785-f-+utoxL/1394604396446-0.4615319878794253/package
665 verbose lock tar:///home/joe/tmp/npm-3785-f-+utoxL/1394604396446-0.4615319878794253/package /home/joe/.npm/2796c36a-96446-0-4615319878794253-package.lock
666 silly lockFile 075b0623-96446-0-4615319878794253-tmp-tgz tar:///home/joe/tmp/npm-3785-f-+utoxL/1394604396446-0.4615319878794253/tmp.tgz
667 verbose lock tar:///home/joe/tmp/npm-3785-f-+utoxL/1394604396446-0.4615319878794253/tmp.tgz /home/joe/.npm/075b0623-96446-0-4615319878794253-tmp-tgz.lock
668 silly gunzTarPerm modes [ '755', '644' ]
669 silly gunzTarPerm extractEntry package.json
670 silly gunzTarPerm extractEntry .npmignore
671 silly gunzTarPerm extractEntry README.md
672 silly gunzTarPerm extractEntry LICENSE
673 silly gunzTarPerm extractEntry glob.js
674 silly gunzTarPerm extractEntry .travis.yml
675 silly gunzTarPerm extractEntry examples/g.js
676 silly gunzTarPerm extractEntry examples/usr-local.js
677 silly gunzTarPerm extractEntry test/00-setup.js
678 silly gunzTarPerm extractEntry test/bash-comparison.js
679 silly gunzTarPerm extractEntry test/cwd-test.js
680 silly gunzTarPerm extractEntry test/mark.js
681 silly gunzTarPerm extractEntry test/nocase-nomagic.js
682 silly gunzTarPerm extractEntry test/pause-resume.js
683 silly gunzTarPerm extractEntry test/root-nomount.js
684 silly gunzTarPerm extractEntry test/root.js
685 silly gunzTarPerm extractEntry test/zz-cleanup.js
686 silly gunzTarPerm extractEntry test/bash-results.json
687 silly lockFile 2796c36a-96446-0-4615319878794253-package tar:///home/joe/tmp/npm-3785-f-+utoxL/1394604396446-0.4615319878794253/package
688 silly lockFile 2796c36a-96446-0-4615319878794253-package tar:///home/joe/tmp/npm-3785-f-+utoxL/1394604396446-0.4615319878794253/package
689 silly lockFile 075b0623-96446-0-4615319878794253-tmp-tgz tar:///home/joe/tmp/npm-3785-f-+utoxL/1394604396446-0.4615319878794253/tmp.tgz
690 silly lockFile 075b0623-96446-0-4615319878794253-tmp-tgz tar:///home/joe/tmp/npm-3785-f-+utoxL/1394604396446-0.4615319878794253/tmp.tgz
691 verbose tar pack [ '/home/joe/.npm/glob/3.1.21/package.tgz',
691 verbose tar pack   '/home/joe/tmp/npm-3785-f-+utoxL/1394604396446-0.4615319878794253/package' ]
692 verbose tarball /home/joe/.npm/glob/3.1.21/package.tgz
693 verbose folder /home/joe/tmp/npm-3785-f-+utoxL/1394604396446-0.4615319878794253/package
694 silly lockFile 2796c36a-96446-0-4615319878794253-package tar:///home/joe/tmp/npm-3785-f-+utoxL/1394604396446-0.4615319878794253/package
695 verbose lock tar:///home/joe/tmp/npm-3785-f-+utoxL/1394604396446-0.4615319878794253/package /home/joe/.npm/2796c36a-96446-0-4615319878794253-package.lock
696 silly lockFile 1d87ebe5--joe-npm-glob-3-1-21-package-tgz tar:///home/joe/.npm/glob/3.1.21/package.tgz
697 verbose lock tar:///home/joe/.npm/glob/3.1.21/package.tgz /home/joe/.npm/1d87ebe5--joe-npm-glob-3-1-21-package-tgz.lock
698 silly lockFile 2796c36a-96446-0-4615319878794253-package tar:///home/joe/tmp/npm-3785-f-+utoxL/1394604396446-0.4615319878794253/package
699 silly lockFile 2796c36a-96446-0-4615319878794253-package tar:///home/joe/tmp/npm-3785-f-+utoxL/1394604396446-0.4615319878794253/package
700 silly lockFile 1d87ebe5--joe-npm-glob-3-1-21-package-tgz tar:///home/joe/.npm/glob/3.1.21/package.tgz
701 silly lockFile 1d87ebe5--joe-npm-glob-3-1-21-package-tgz tar:///home/joe/.npm/glob/3.1.21/package.tgz
702 silly lockFile 1988ed15-home-joe-npm-glob-3-1-21-package /home/joe/.npm/glob/3.1.21/package
703 verbose lock /home/joe/.npm/glob/3.1.21/package /home/joe/.npm/1988ed15-home-joe-npm-glob-3-1-21-package.lock
704 silly lockFile 1988ed15-home-joe-npm-glob-3-1-21-package /home/joe/.npm/glob/3.1.21/package
705 silly lockFile 1988ed15-home-joe-npm-glob-3-1-21-package /home/joe/.npm/glob/3.1.21/package
706 verbose tar unpack /home/joe/.npm/glob/3.1.21/package.tgz
707 silly lockFile 3face25f-home-joe-npm-glob-3-1-21-package tar:///home/joe/.npm/glob/3.1.21/package
708 verbose lock tar:///home/joe/.npm/glob/3.1.21/package /home/joe/.npm/3face25f-home-joe-npm-glob-3-1-21-package.lock
709 silly lockFile 1d87ebe5--joe-npm-glob-3-1-21-package-tgz tar:///home/joe/.npm/glob/3.1.21/package.tgz
710 verbose lock tar:///home/joe/.npm/glob/3.1.21/package.tgz /home/joe/.npm/1d87ebe5--joe-npm-glob-3-1-21-package-tgz.lock
711 silly gunzTarPerm modes [ '755', '644' ]
712 silly gunzTarPerm extractEntry package.json
713 silly gunzTarPerm extractEntry .npmignore
714 silly gunzTarPerm extractEntry README.md
715 silly gunzTarPerm extractEntry LICENSE
716 silly gunzTarPerm extractEntry glob.js
717 silly gunzTarPerm extractEntry .travis.yml
718 silly gunzTarPerm extractEntry examples/g.js
719 silly gunzTarPerm extractEntry examples/usr-local.js
720 silly gunzTarPerm extractEntry test/00-setup.js
721 silly gunzTarPerm extractEntry test/bash-comparison.js
722 silly gunzTarPerm extractEntry test/cwd-test.js
723 silly gunzTarPerm extractEntry test/mark.js
724 silly gunzTarPerm extractEntry test/nocase-nomagic.js
725 silly gunzTarPerm extractEntry test/pause-resume.js
726 silly gunzTarPerm extractEntry test/root-nomount.js
727 silly gunzTarPerm extractEntry test/root.js
728 silly gunzTarPerm extractEntry test/zz-cleanup.js
729 silly gunzTarPerm extractEntry test/bash-results.json
730 silly lockFile 3face25f-home-joe-npm-glob-3-1-21-package tar:///home/joe/.npm/glob/3.1.21/package
731 silly lockFile 3face25f-home-joe-npm-glob-3-1-21-package tar:///home/joe/.npm/glob/3.1.21/package
732 silly lockFile 1d87ebe5--joe-npm-glob-3-1-21-package-tgz tar:///home/joe/.npm/glob/3.1.21/package.tgz
733 silly lockFile 1d87ebe5--joe-npm-glob-3-1-21-package-tgz tar:///home/joe/.npm/glob/3.1.21/package.tgz
734 verbose chmod /home/joe/.npm/glob/3.1.21/package.tgz 644
735 verbose chown /home/joe/.npm/glob/3.1.21/package.tgz [ 1002, 1002 ]
736 silly lockFile a7e90008-y-npmjs-org-glob-glob-3-1-21-tgz https://registry.npmjs.org/glob/-/glob-3.1.21.tgz
737 silly lockFile a7e90008-y-npmjs-org-glob-glob-3-1-21-tgz https://registry.npmjs.org/glob/-/glob-3.1.21.tgz
738 silly lockFile ab465912-glob-3-1-21 glob@3.1.21
739 silly lockFile ab465912-glob-3-1-21 glob@3.1.21
740 silly lockFile b5074ddc-glob-3-1-21 glob@~3.1.21
741 silly lockFile b5074ddc-glob-3-1-21 glob@~3.1.21
742 http 200 https://registry.npmjs.org/lodash
743 silly registry.get cb [ 200,
743 silly registry.get   { date: 'Wed, 12 Mar 2014 06:06:38 GMT',
743 silly registry.get     server: 'CouchDB/1.5.0 (Erlang OTP/R16B)',
743 silly registry.get     etag: '"DSPG1KKVBMVZABB6YG7H7N2Q0"',
743 silly registry.get     'content-type': 'application/json',
743 silly registry.get     via: '1.1 varnish',
743 silly registry.get     'cache-control': 'max-age=1',
743 silly registry.get     'content-length': '70564',
743 silly registry.get     'accept-ranges': 'bytes',
743 silly registry.get     age: '10',
743 silly registry.get     'x-served-by': 'cache-v36-ASH, cache-sv63-SJC3',
743 silly registry.get     'x-cache': 'HIT, HIT',
743 silly registry.get     'x-cache-hits': '2, 1',
743 silly registry.get     'x-timer': 'S1394601655.869778872,VS0,VS-698,VE-698,VE2742216',
743 silly registry.get     vary: 'Accept',
743 silly registry.get     'keep-alive': 'timeout=10, max=50',
743 silly registry.get     connection: 'Keep-Alive' } ]
744 silly addNameRange number 2 { name: 'lodash', range: '>=1.0.1-0 <1.1.0-0', hasData: true }
745 silly addNameRange versions [ 'lodash',
745 silly addNameRange   [ '0.1.0',
745 silly addNameRange     '0.2.0',
745 silly addNameRange     '0.2.1',
745 silly addNameRange     '0.2.2',
745 silly addNameRange     '0.3.0',
745 silly addNameRange     '0.3.1',
745 silly addNameRange     '0.3.2',
745 silly addNameRange     '0.4.0',
745 silly addNameRange     '0.4.1',
745 silly addNameRange     '0.4.2',
745 silly addNameRange     '0.5.0-rc.1',
745 silly addNameRange     '0.5.0',
745 silly addNameRange     '0.5.1',
745 silly addNameRange     '0.5.2',
745 silly addNameRange     '0.6.0',
745 silly addNameRange     '0.6.1',
745 silly addNameRange     '0.7.0',
745 silly addNameRange     '0.8.0',
745 silly addNameRange     '0.8.1',
745 silly addNameRange     '0.8.2',
745 silly addNameRange     '0.9.0',
745 silly addNameRange     '0.9.1',
745 silly addNameRange     '0.9.2',
745 silly addNameRange     '0.10.0',
745 silly addNameRange     '1.0.0-rc.1',
745 silly addNameRange     '1.0.0-rc.2',
745 silly addNameRange     '1.0.0-rc.3',
745 silly addNameRange     '1.0.0',
745 silly addNameRange     '1.0.1',
745 silly addNameRange     '1.1.0',
745 silly addNameRange     '1.1.1',
745 silly addNameRange     '1.2.0',
745 silly addNameRange     '1.2.1',
745 silly addNameRange     '1.3.0',
745 silly addNameRange     '1.3.1',
745 silly addNameRange     '2.0.0',
745 silly addNameRange     '2.1.0',
745 silly addNameRange     '2.2.0',
745 silly addNameRange     '2.2.1',
745 silly addNameRange     '2.3.0',
745 silly addNameRange     '2.4.0',
745 silly addNameRange     '2.4.1' ] ]
746 verbose addNamed [ 'lodash', '1.0.1' ]
747 verbose addNamed [ '1.0.1', '1.0.1' ]
748 silly lockFile e2e1e8db-lodash-1-0-1 lodash@1.0.1
749 verbose lock lodash@1.0.1 /home/joe/.npm/e2e1e8db-lodash-1-0-1.lock
750 silly lockFile a7767c4c-pmjs-org-lodash-lodash-1-0-1-tgz https://registry.npmjs.org/lodash/-/lodash-1.0.1.tgz
751 verbose lock https://registry.npmjs.org/lodash/-/lodash-1.0.1.tgz /home/joe/.npm/a7767c4c-pmjs-org-lodash-lodash-1-0-1-tgz.lock
752 verbose addRemoteTarball [ 'https://registry.npmjs.org/lodash/-/lodash-1.0.1.tgz',
752 verbose addRemoteTarball   '57945732498d92310e5bd4b1ff4f273a79e6c9fc' ]
753 info retry fetch attempt 1 at 11:36:39
754 verbose fetch to= /home/joe/tmp/npm-3785-f-+utoxL/1394604399499-0.622106590308249/tmp.tgz
755 http GET https://registry.npmjs.org/lodash/-/lodash-1.0.1.tgz
756 http 200 https://registry.npmjs.org/lodash/-/lodash-1.0.1.tgz
757 silly lockFile a7767c4c-pmjs-org-lodash-lodash-1-0-1-tgz https://registry.npmjs.org/lodash/-/lodash-1.0.1.tgz
758 silly lockFile a7767c4c-pmjs-org-lodash-lodash-1-0-1-tgz https://registry.npmjs.org/lodash/-/lodash-1.0.1.tgz
759 silly lockFile e2e1e8db-lodash-1-0-1 lodash@1.0.1
760 silly lockFile e2e1e8db-lodash-1-0-1 lodash@1.0.1
761 silly lockFile 7309cd5e-lodash-1-0-1 lodash@~1.0.1
762 silly lockFile 7309cd5e-lodash-1-0-1 lodash@~1.0.1
763 verbose about to build /usr/local/lib/node_modules/grunt-cli/node_modules/findup-sync
764 info /usr/local/lib/node_modules/grunt-cli/node_modules/findup-sync unbuild
765 info preuninstall findup-sync@0.1.2
766 info uninstall findup-sync@0.1.2
767 verbose false,/usr/local/lib/node_modules,/usr/local/lib/node_modules/grunt-cli/node_modules unbuild findup-sync@0.1.2
768 info postuninstall findup-sync@0.1.2
769 verbose about to build /usr/local/lib/node_modules/grunt-cli
770 info /usr/local/lib/node_modules/grunt-cli unbuild
771 info preuninstall grunt-cli@0.1.13
772 info uninstall grunt-cli@0.1.13
773 verbose true,/usr/local/lib/node_modules,/usr/local/lib/node_modules unbuild grunt-cli@0.1.13
774 verbose /usr/local/bin,[object Object] binRoot
775 info postuninstall grunt-cli@0.1.13
776 error Error: shasum check failed for /home/joe/tmp/npm-3785-f-+utoxL/1394604399499-0.622106590308249/tmp.tgz
776 error Expected: 57945732498d92310e5bd4b1ff4f273a79e6c9fc
776 error Actual:   8dea675d549f64af7439b64fe80acb4ad300a26e
776 error From:     https://registry.npmjs.org/lodash/-/lodash-1.0.1.tgz
776 error     at /usr/local/lib/node_modules/npm/node_modules/sha/index.js:38:8
776 error     at ReadStream.<anonymous> (/usr/local/lib/node_modules/npm/node_modules/sha/index.js:85:7)
776 error     at ReadStream.EventEmitter.emit (events.js:117:20)
776 error     at _stream_readable.js:920:16
776 error     at process._tickCallback (node.js:415:13)
777 error If you need help, you may report this *entire* log,
777 error including the npm and node versions, at:
777 error     <http://github.com/npm/npm/issues>
778 error System Linux 3.11.0-18-generic
779 error command "/usr/local/bin/node" "/usr/local/bin/npm" "install" "-g" "grunt-cli"
780 error cwd /home/joe/razorflow/rfjs/tools/src/themebuilder
781 error node -v v0.10.26
782 error npm -v 1.4.3
783 verbose exit [ 1, true ]
